#
# There is insufficient memory for the Java Runtime Environment to continue.
# Native memory allocation (mmap) failed to map 32505856 bytes for G1 virtual space
# Possible reasons:
#   The system is out of physical RAM or swap space
#   The process is running with CompressedOops enabled, and the Java Heap may be blocking the growth of the native heap
# Possible solutions:
#   Reduce memory load on the system
#   Increase physical memory or swap space
#   Check if swap backing store is full
#   Decrease Java heap size (-Xmx/-Xms)
#   Decrease number of Java threads
#   Decrease Java thread stack sizes (-Xss)
#   Set larger code cache with -XX:ReservedCodeCacheSize=
#   JVM is running with Unscaled Compressed Oops mode in which the Java heap is
#     placed in the first 4GB address space. The Java Heap base address is the
#     maximum limit for the native heap growth. Please use -XX:HeapBaseMinAddress
#     to set the Java Heap base and to place the Java Heap above 4GB virtual address.
# This output file may be truncated or incomplete.
#
#  Out of Memory Error (os_windows.cpp:3530), pid=10756, tid=5336
#
# JRE version: Java(TM) SE Runtime Environment (18.0.1.1+2) (build 18.0.1.1+2-6)
# Java VM: Java HotSpot(TM) 64-Bit Server VM (18.0.1.1+2-6, mixed mode, sharing, tiered, compressed oops, compressed class ptrs, g1 gc, windows-amd64)
# No core dump will be written. Minidumps are not enabled by default on client versions of Windows
#

---------------  S U M M A R Y ------------

Command Line: --add-opens=java.base/java.util=ALL-UNNAMED --add-opens=java.base/java.lang=ALL-UNNAMED --add-opens=java.base/java.lang.invoke=ALL-UNNAMED --add-opens=java.base/java.util=ALL-UNNAMED --add-opens=java.prefs/java.util.prefs=ALL-UNNAMED --add-opens=java.prefs/java.util.prefs=ALL-UNNAMED --add-opens=java.base/java.nio.charset=ALL-UNNAMED --add-opens=java.base/java.net=ALL-UNNAMED --add-opens=java.base/java.util.concurrent.atomic=ALL-UNNAMED -Xmx1G -Dfile.encoding=windows-1252 -Duser.country=GB -Duser.language=en -Duser.variant org.gradle.launcher.daemon.bootstrap.GradleDaemon 7.5

Host: Intel(R) Core(TM) i5-4460  CPU @ 3.20GHz, 4 cores, 15G,  Windows 10 , 64 bit Build 19041 (10.0.19041.1806)
Time: Tue Jul 26 19:40:31 2022 GMT Summer Time elapsed time: 61.873030 seconds (0d 0h 1m 1s)

---------------  T H R E A D  ---------------

Current thread (0x000001f8ff330bb0):  VMThread "VM Thread" [stack: 0x000000b4ac800000,0x000000b4ac900000] [id=5336]

Stack: [0x000000b4ac800000,0x000000b4ac900000]
Native frames: (J=compiled Java code, j=interpreted, Vv=VM code, C=native code)
V  [jvm.dll+0x69887a]
V  [jvm.dll+0x7f38bd]
V  [jvm.dll+0x7f51ce]
V  [jvm.dll+0x7f5883]
V  [jvm.dll+0x25ca3f]
V  [jvm.dll+0x6957c9]
V  [jvm.dll+0x68a2fa]
V  [jvm.dll+0x321efb]
V  [jvm.dll+0x3298d6]
V  [jvm.dll+0x37e47e]
V  [jvm.dll+0x37e6af]
V  [jvm.dll+0x2f9c7a]
V  [jvm.dll+0x2fca76]
V  [jvm.dll+0x306ee5]
V  [jvm.dll+0x33bff0]
V  [jvm.dll+0x7fa66b]
V  [jvm.dll+0x7fb404]
V  [jvm.dll+0x7fb93c]
V  [jvm.dll+0x7fbd94]
V  [jvm.dll+0x7fbe57]
V  [jvm.dll+0x7a03ea]
V  [jvm.dll+0x697725]
C  [ucrtbase.dll+0x21bb2]
C  [KERNEL32.DLL+0x17034]
C  [ntdll.dll+0x52651]

VM_Operation (0x000000b4ac4ff3d0): G1Concurrent, mode: safepoint, requested by thread 0x000001f8fa850730


---------------  P R O C E S S  ---------------

Threads class SMR info:
_java_thread_list=0x000001f89d023290, length=90, elements={
0x000001f8fa806490, 0x000001f8ff334020, 0x000001f8ff337480, 0x000001f8ff348cd0,
0x000001f8ff34a6f0, 0x000001f8ff34b740, 0x000001f8ff34ca10, 0x000001f8ff35d250,
0x000001f8ff35f8b0, 0x000001f8ff383010, 0x000001f89ac95cf0, 0x000001f89aca0e10,
0x000001f89b6f0fb0, 0x000001f89c5f8010, 0x000001f89b885f60, 0x000001f89c33b890,
0x000001f89c736560, 0x000001f89c49c0c0, 0x000001f89c734c30, 0x000001f89bea7f60,
0x000001f89c1bb8e0, 0x000001f89c1baf40, 0x000001f89c1ba5a0, 0x000001f89c1bd0f0,
0x000001f89c1bb410, 0x000001f89c1bbdb0, 0x000001f89c1bc280, 0x000001f89c1bd5c0,
0x000001f89c1bc750, 0x000001f89c1ba0d0, 0x000001f89c1baa70, 0x000001f89c767080,
0x000001f89c7683c0, 0x000001f89c767a20, 0x000001f89c76aa40, 0x000001f89c76b8b0,
0x000001f89c768d60, 0x000001f89c767ef0, 0x000001f89c764060, 0x000001f89c768890,
0x000001f89c764a00, 0x000001f89c76af10, 0x000001f89c765d40, 0x000001f89c766210,
0x000001f89c764530, 0x000001f89c765870, 0x000001f89c769700, 0x000001f89c769bd0,
0x000001f89c7666e0, 0x000001f89c7653a0, 0x000001f89c76a0a0, 0x000001f89c766bb0,
0x000001f89c767550, 0x000001f89e1a26c0, 0x000001f89e1a1d20, 0x000001f89e1a3ed0,
0x000001f89e1a6550, 0x000001f89e1a9570, 0x000001f89e1a3060, 0x000001f89e1a6080,
0x000001f89e1a6a20, 0x000001f89e1a8230, 0x000001f89e1a21f0, 0x000001f89e1a7890,
0x000001f89e1a4d40, 0x000001f89e1a2b90, 0x000001f89e1a3530, 0x000001f89e1a7d60,
0x000001f89e1a6ef0, 0x000001f89e1a3a00, 0x000001f89e1a43a0, 0x000001f89e1a73c0,
0x000001f89f0d67f0, 0x000001f89f0d84d0, 0x000001f89f0d5980, 0x000001f89f0d8000,
0x000001f89f0d9340, 0x000001f89f0d2960, 0x000001f89f0d5e50, 0x000001f89f0d9810,
0x000001f89f0d89a0, 0x000001f89f0d6320, 0x000001f89f0d4170, 0x000001f89f0d8e70,
0x000001f89f0d4b10, 0x000001f89f0d2e30, 0x000001f89f0d3300, 0x000001f89c769230,
0x000001f89e8f40e0, 0x000001f89e8f3c10
}

Java Threads: ( => current thread )
  0x000001f8fa806490 JavaThread "main" [_thread_blocked, id=15116, stack(0x000000b4ac200000,0x000000b4ac300000)]
  0x000001f8ff334020 JavaThread "Reference Handler" daemon [_thread_blocked, id=776, stack(0x000000b4ac900000,0x000000b4aca00000)]
  0x000001f8ff337480 JavaThread "Finalizer" daemon [_thread_blocked, id=12932, stack(0x000000b4aca00000,0x000000b4acb00000)]
  0x000001f8ff348cd0 JavaThread "Signal Dispatcher" daemon [_thread_blocked, id=1700, stack(0x000000b4acb00000,0x000000b4acc00000)]
  0x000001f8ff34a6f0 JavaThread "Attach Listener" daemon [_thread_blocked, id=3928, stack(0x000000b4acc00000,0x000000b4acd00000)]
  0x000001f8ff34b740 JavaThread "Service Thread" daemon [_thread_blocked, id=5272, stack(0x000000b4acd00000,0x000000b4ace00000)]
  0x000001f8ff34ca10 JavaThread "Monitor Deflation Thread" daemon [_thread_blocked, id=6348, stack(0x000000b4ace00000,0x000000b4acf00000)]
  0x000001f8ff35d250 JavaThread "C2 CompilerThread0" daemon [_thread_blocked, id=1168, stack(0x000000b4acf00000,0x000000b4ad000000)]
  0x000001f8ff35f8b0 JavaThread "C1 CompilerThread0" daemon [_thread_blocked, id=15764, stack(0x000000b4ad000000,0x000000b4ad100000)]
  0x000001f8ff383010 JavaThread "Sweeper thread" daemon [_thread_blocked, id=2096, stack(0x000000b4ad100000,0x000000b4ad200000)]
  0x000001f89ac95cf0 JavaThread "Common-Cleaner" daemon [_thread_blocked, id=16044, stack(0x000000b4ad200000,0x000000b4ad300000)]
  0x000001f89aca0e10 JavaThread "Notification Thread" daemon [_thread_blocked, id=9968, stack(0x000000b4ad300000,0x000000b4ad400000)]
  0x000001f89b6f0fb0 JavaThread "Daemon health stats" [_thread_blocked, id=14800, stack(0x000000b4ad900000,0x000000b4ada00000)]
  0x000001f89c5f8010 JavaThread "Incoming local TCP Connector on port 50653" [_thread_in_native, id=8932, stack(0x000000b4ada00000,0x000000b4adb00000)]
  0x000001f89b885f60 JavaThread "Daemon periodic checks" [_thread_blocked, id=14940, stack(0x000000b4adb00000,0x000000b4adc00000)]
  0x000001f89c33b890 JavaThread "Daemon" [_thread_blocked, id=14212, stack(0x000000b4adc00000,0x000000b4add00000)]
  0x000001f89c736560 JavaThread "Handler for socket connection from /127.0.0.1:50653 to /127.0.0.1:50654" [_thread_in_native, id=11852, stack(0x000000b4add00000,0x000000b4ade00000)]
  0x000001f89c49c0c0 JavaThread "Cancel handler" [_thread_blocked, id=15912, stack(0x000000b4ade00000,0x000000b4adf00000)]
  0x000001f89c734c30 JavaThread "Daemon worker" [_thread_blocked, id=16096, stack(0x000000b4adf00000,0x000000b4ae000000)]
  0x000001f89bea7f60 JavaThread "Asynchronous log dispatcher for DefaultDaemonConnection: socket connection from /127.0.0.1:50653 to /127.0.0.1:50654" [_thread_blocked, id=16288, stack(0x000000b4ae000000,0x000000b4ae100000)]
  0x000001f89c1bb8e0 JavaThread "Stdin handler" [_thread_blocked, id=5620, stack(0x000000b4ae100000,0x000000b4ae200000)]
  0x000001f89c1baf40 JavaThread "Daemon client event forwarder" [_thread_blocked, id=14064, stack(0x000000b4ae200000,0x000000b4ae300000)]
  0x000001f89c1ba5a0 JavaThread "Cache worker for journal cache (C:\Users\Ethan\.gradle\caches\journal-1)" [_thread_blocked, id=264, stack(0x000000b4ae300000,0x000000b4ae400000)]
  0x000001f89c1bd0f0 JavaThread "File lock request listener" [_thread_in_native, id=15252, stack(0x000000b4ae400000,0x000000b4ae500000)]
  0x000001f89c1bb410 JavaThread "Cache worker for file hash cache (C:\Users\Ethan\.gradle\caches\7.5\fileHashes)" [_thread_blocked, id=1492, stack(0x000000b4ae500000,0x000000b4ae600000)]
  0x000001f89c1bbdb0 JavaThread "File watcher server" daemon [_thread_blocked, id=7052, stack(0x000000b4ad500000,0x000000b4ad600000)]
  0x000001f89c1bc280 JavaThread "File watcher consumer" daemon [_thread_blocked, id=6248, stack(0x000000b4ae600000,0x000000b4ae700000)]
  0x000001f89c1bd5c0 JavaThread "Cache worker for checksums cache (C:\Users\Ethan\Desktop\Stuff\Desktop Contents\Modding\Minecraft\Fabric\system0\.gradle\7.5\checksums)" [_thread_blocked, id=4104, stack(0x000000b4ae700000,0x000000b4ae800000)]
  0x000001f89c1bc750 JavaThread "Cache worker for cache directory md-rule (C:\Users\Ethan\.gradle\caches\7.5\md-rule)" [_thread_blocked, id=15908, stack(0x000000b4ae800000,0x000000b4ae900000)]
  0x000001f89c1ba0d0 JavaThread "Cache worker for file content cache (C:\Users\Ethan\.gradle\caches\7.5\fileContent)" [_thread_blocked, id=1148, stack(0x000000b4ae900000,0x000000b4aea00000)]
  0x000001f89c1baa70 JavaThread "Cache worker for file hash cache (C:\Users\Ethan\Desktop\Stuff\Desktop Contents\Modding\Minecraft\Fabric\system0\.gradle\7.5\fileHashes)" [_thread_blocked, id=2040, stack(0x000000b4aea00000,0x000000b4aeb00000)]
  0x000001f89c767080 JavaThread "Cache worker for cache directory md-supplier (C:\Users\Ethan\.gradle\caches\7.5\md-supplier)" [_thread_blocked, id=1728, stack(0x000000b4aeb00000,0x000000b4aec00000)]
  0x000001f89c7683c0 JavaThread "Cache worker for execution history cache (C:\Users\Ethan\.gradle\caches\7.5\executionHistory)" [_thread_blocked, id=7856, stack(0x000000b4aec00000,0x000000b4aed00000)]
  0x000001f89c767a20 JavaThread "jar transforms" [_thread_blocked, id=2592, stack(0x000000b4aed00000,0x000000b4aee00000)]
  0x000001f89c76aa40 JavaThread "jar transforms Thread 2" [_thread_blocked, id=16080, stack(0x000000b4aee00000,0x000000b4aef00000)]
  0x000001f89c76b8b0 JavaThread "jar transforms Thread 3" [_thread_blocked, id=9196, stack(0x000000b4af000000,0x000000b4af100000)]
  0x000001f89c768d60 JavaThread "jar transforms Thread 4" [_thread_blocked, id=6940, stack(0x000000b4af100000,0x000000b4af200000)]
  0x000001f89c767ef0 JavaThread "Cache worker for dependencies-accessors (C:\Users\Ethan\Desktop\Stuff\Desktop Contents\Modding\Minecraft\Fabric\system0\.gradle\7.5\dependencies-accessors)" [_thread_blocked, id=7404, stack(0x000000b4af300000,0x000000b4af400000)]
  0x000001f89c764060 JavaThread "Cache worker for Build Output Cleanup Cache (C:\Users\Ethan\Desktop\Stuff\Desktop Contents\Modding\Minecraft\Fabric\system0\.gradle\buildOutputCleanup)" [_thread_blocked, id=11272, stack(0x000000b4af400000,0x000000b4af500000)]
  0x000001f89c768890 JavaThread "Unconstrained build operations" [_thread_blocked, id=9060, stack(0x000000b4af500000,0x000000b4af600000)]
  0x000001f89c764a00 JavaThread "Unconstrained build operations Thread 2" [_thread_blocked, id=7252, stack(0x000000b4af600000,0x000000b4af700000)]
  0x000001f89c76af10 JavaThread "Unconstrained build operations Thread 3" [_thread_blocked, id=14640, stack(0x000000b4af700000,0x000000b4af800000)]
  0x000001f89c765d40 JavaThread "Unconstrained build operations Thread 4" [_thread_blocked, id=15440, stack(0x000000b4af800000,0x000000b4af900000)]
  0x000001f89c766210 JavaThread "Unconstrained build operations Thread 5" [_thread_blocked, id=10616, stack(0x000000b4af900000,0x000000b4afa00000)]
  0x000001f89c764530 JavaThread "Unconstrained build operations Thread 6" [_thread_blocked, id=10500, stack(0x000000b4afa00000,0x000000b4afb00000)]
  0x000001f89c765870 JavaThread "Unconstrained build operations Thread 7" [_thread_blocked, id=10748, stack(0x000000b4afb00000,0x000000b4afc00000)]
  0x000001f89c769700 JavaThread "Unconstrained build operations Thread 8" [_thread_blocked, id=5780, stack(0x000000b4afc00000,0x000000b4afd00000)]
  0x000001f89c769bd0 JavaThread "Unconstrained build operations Thread 9" [_thread_blocked, id=9864, stack(0x000000b4afd00000,0x000000b4afe00000)]
  0x000001f89c7666e0 JavaThread "Unconstrained build operations Thread 10" [_thread_blocked, id=6968, stack(0x000000b4afe00000,0x000000b4aff00000)]
  0x000001f89c7653a0 JavaThread "Unconstrained build operations Thread 11" [_thread_blocked, id=9768, stack(0x000000b4aff00000,0x000000b4b0000000)]
  0x000001f89c76a0a0 JavaThread "Unconstrained build operations Thread 12" [_thread_blocked, id=11536, stack(0x000000b4b0000000,0x000000b4b0100000)]
  0x000001f89c766bb0 JavaThread "Unconstrained build operations Thread 13" [_thread_blocked, id=2672, stack(0x000000b4b0100000,0x000000b4b0200000)]
  0x000001f89c767550 JavaThread "Unconstrained build operations Thread 14" [_thread_blocked, id=10840, stack(0x000000b4b0200000,0x000000b4b0300000)]
  0x000001f89e1a26c0 JavaThread "Unconstrained build operations Thread 15" [_thread_blocked, id=6100, stack(0x000000b4b0300000,0x000000b4b0400000)]
  0x000001f89e1a1d20 JavaThread "Unconstrained build operations Thread 16" [_thread_blocked, id=12320, stack(0x000000b4b0400000,0x000000b4b0500000)]
  0x000001f89e1a3ed0 JavaThread "Unconstrained build operations Thread 17" [_thread_blocked, id=14492, stack(0x000000b4b0500000,0x000000b4b0600000)]
  0x000001f89e1a6550 JavaThread "Unconstrained build operations Thread 18" [_thread_blocked, id=10288, stack(0x000000b4b0600000,0x000000b4b0700000)]
  0x000001f89e1a9570 JavaThread "Unconstrained build operations Thread 19" [_thread_blocked, id=11844, stack(0x000000b4b0700000,0x000000b4b0800000)]
  0x000001f89e1a3060 JavaThread "Unconstrained build operations Thread 20" [_thread_blocked, id=1716, stack(0x000000b4b0800000,0x000000b4b0900000)]
  0x000001f89e1a6080 JavaThread "Unconstrained build operations Thread 21" [_thread_blocked, id=4612, stack(0x000000b4b0900000,0x000000b4b0a00000)]
  0x000001f89e1a6a20 JavaThread "Unconstrained build operations Thread 22" [_thread_blocked, id=272, stack(0x000000b4b0a00000,0x000000b4b0b00000)]
  0x000001f89e1a8230 JavaThread "Unconstrained build operations Thread 23" [_thread_blocked, id=14128, stack(0x000000b4b0b00000,0x000000b4b0c00000)]
  0x000001f89e1a21f0 JavaThread "Unconstrained build operations Thread 24" [_thread_blocked, id=6020, stack(0x000000b4b0c00000,0x000000b4b0d00000)]
  0x000001f89e1a7890 JavaThread "Unconstrained build operations Thread 25" [_thread_blocked, id=3204, stack(0x000000b4b0d00000,0x000000b4b0e00000)]
  0x000001f89e1a4d40 JavaThread "Unconstrained build operations Thread 26" [_thread_blocked, id=7412, stack(0x000000b4b0e00000,0x000000b4b0f00000)]
  0x000001f89e1a2b90 JavaThread "Unconstrained build operations Thread 27" [_thread_blocked, id=10152, stack(0x000000b4b0f00000,0x000000b4b1000000)]
  0x000001f89e1a3530 JavaThread "Unconstrained build operations Thread 28" [_thread_blocked, id=11104, stack(0x000000b4b1000000,0x000000b4b1100000)]
  0x000001f89e1a7d60 JavaThread "Unconstrained build operations Thread 29" [_thread_blocked, id=12380, stack(0x000000b4b1100000,0x000000b4b1200000)]
  0x000001f89e1a6ef0 JavaThread "Unconstrained build operations Thread 30" [_thread_blocked, id=15892, stack(0x000000b4b1200000,0x000000b4b1300000)]
  0x000001f89e1a3a00 JavaThread "Unconstrained build operations Thread 31" [_thread_blocked, id=7552, stack(0x000000b4b1300000,0x000000b4b1400000)]
  0x000001f89e1a43a0 JavaThread "Unconstrained build operations Thread 32" [_thread_blocked, id=13100, stack(0x000000b4b1400000,0x000000b4b1500000)]
  0x000001f89e1a73c0 JavaThread "Memory manager" [_thread_blocked, id=7272, stack(0x000000b4b1500000,0x000000b4b1600000)]
  0x000001f89f0d67f0 JavaThread "Unconstrained build operations Thread 33" [_thread_blocked, id=15704, stack(0x000000b4b1900000,0x000000b4b1a00000)]
  0x000001f89f0d84d0 JavaThread "included builds" [_thread_blocked, id=944, stack(0x000000b4b1a00000,0x000000b4b1b00000)]
  0x000001f89f0d5980 JavaThread "Execution worker" [_thread_blocked, id=2176, stack(0x000000b4b1b00000,0x000000b4b1c00000)]
  0x000001f89f0d8000 JavaThread "Execution worker Thread 2" [_thread_blocked, id=15368, stack(0x000000b4b1c00000,0x000000b4b1d00000)]
  0x000001f89f0d9340 JavaThread "Execution worker Thread 3" [_thread_blocked, id=9984, stack(0x000000b4b1d00000,0x000000b4b1e00000)]
  0x000001f89f0d2960 JavaThread "Cache worker for execution history cache (C:\Users\Ethan\Desktop\Stuff\Desktop Contents\Modding\Minecraft\Fabric\system0\.gradle\7.5\executionHistory)" [_thread_blocked, id=12168, stack(0x000000b4b1e00000,0x000000b4b1f00000)]
  0x000001f89f0d5e50 JavaThread "Unconstrained build operations Thread 34" [_thread_blocked, id=4620, stack(0x000000b4b1600000,0x000000b4b1700000)]
  0x000001f89f0d9810 JavaThread "Unconstrained build operations Thread 35" [_thread_blocked, id=3132, stack(0x000000b4b1f00000,0x000000b4b2000000)]
  0x000001f89f0d89a0 JavaThread "Unconstrained build operations Thread 36" [_thread_blocked, id=14028, stack(0x000000b4b2000000,0x000000b4b2100000)]
  0x000001f89f0d6320 JavaThread "Unconstrained build operations Thread 37" [_thread_blocked, id=10856, stack(0x000000b4b2100000,0x000000b4b2200000)]
  0x000001f89f0d4170 JavaThread "Unconstrained build operations Thread 38" [_thread_blocked, id=11696, stack(0x000000b4b2200000,0x000000b4b2300000)]
  0x000001f89f0d8e70 JavaThread "Unconstrained build operations Thread 39" [_thread_blocked, id=13580, stack(0x000000b4b2300000,0x000000b4b2400000)]
  0x000001f89f0d4b10 JavaThread "Unconstrained build operations Thread 40" [_thread_blocked, id=5756, stack(0x000000b4b2400000,0x000000b4b2500000)]
  0x000001f89f0d2e30 JavaThread "pool-1-thread-1" [_thread_blocked, id=13960, stack(0x000000b4b2500000,0x000000b4b2600000)]
  0x000001f89f0d3300 JavaThread "pool-1-thread-2" [_thread_blocked, id=2788, stack(0x000000b4b2600000,0x000000b4b2700000)]
  0x000001f89c769230 JavaThread "pool-1-thread-3" [_thread_blocked, id=14784, stack(0x000000b4b2700000,0x000000b4b2800000)]
  0x000001f89e8f40e0 JavaThread "pool-1-thread-4" [_thread_blocked, id=10004, stack(0x000000b4b2800000,0x000000b4b2900000)]
  0x000001f89e8f3c10 JavaThread "WorkerExecutor Queue" [_thread_blocked, id=15864, stack(0x000000b4b2900000,0x000000b4b2a00000)]

Other Threads:
=>0x000001f8ff330bb0 VMThread "VM Thread" [stack: 0x000000b4ac800000,0x000000b4ac900000] [id=5336]
  0x000001f89aca32e0 WatcherThread "VM Periodic Task Thread" [stack: 0x000000b4ad400000,0x000000b4ad500000] [id=13376]
  0x000001f8fa8478f0 WorkerThread "GC Thread#0" [stack: 0x000000b4ac300000,0x000000b4ac400000] [id=10680]
  0x000001f89afab2b0 WorkerThread "GC Thread#1" [stack: 0x000000b4ad600000,0x000000b4ad700000] [id=496]
  0x000001f89b29a3e0 WorkerThread "GC Thread#2" [stack: 0x000000b4ad700000,0x000000b4ad800000] [id=13980]
  0x000001f89b0bf6d0 WorkerThread "GC Thread#3" [stack: 0x000000b4ad800000,0x000000b4ad900000] [id=8872]
  0x000001f8fa850730 ConcurrentGCThread "G1 Main Marker" [stack: 0x000000b4ac400000,0x000000b4ac500000] [id=11300]
  0x000001f8fa852040 WorkerThread "G1 Conc#0" [stack: 0x000000b4ac500000,0x000000b4ac600000] [id=2660]
  0x000001f8fa8be3b0 ConcurrentGCThread "G1 Refine#0" [stack: 0x000000b4ac600000,0x000000b4ac700000] [id=12580]
  0x000001f89d58a800 ConcurrentGCThread "G1 Refine#1" [stack: 0x000000b4aef00000,0x000000b4af000000] [id=2936]
  0x000001f8fa8bebd0 ConcurrentGCThread "G1 Service" [stack: 0x000000b4ac700000,0x000000b4ac800000] [id=5308]

Threads with active compile tasks:

VM state: at safepoint (normal execution)

VM Mutex/Monitor currently owned by a thread:  ([mutex/lock_event])
[0x000001f8fa8028c0] Threads_lock - owner thread: 0x000001f8ff330bb0
[0x000001f8fa801fc0] Heap_lock - owner thread: 0x000001f8fa850730

Heap address: 0x00000000c0000000, size: 1024 MB, Compressed Oops mode: 32-bit

CDS archive(s) mapped at: [0x0000000800000000-0x0000000800ba0000-0x0000000800ba0000), size 12189696, SharedBaseAddress: 0x0000000800000000, ArchiveRelocationMode: 0.
Compressed class space mapped at: 0x0000000800c00000-0x0000000840c00000, reserved size: 1073741824
Narrow klass base: 0x0000000800000000, Narrow klass shift: 0, Narrow klass range: 0x100000000

GC Precious Log:
 CardTable entry size: 512
 Card Set container configuration: InlinePtr #cards 5 size 8 Array Of Cards #cards 12 size 40 Howl #buckets 4 coarsen threshold 1843 Howl Bitmap #cards 512 size 80 coarsen threshold 460 Card regions per heap region 1 cards per card region 2048
 CPUs: 4 total, 4 available
 Memory: 16319M
 Large Page Support: Disabled
 NUMA Support: Disabled
 Compressed Oops: Enabled (32-bit)
 Heap Region Size: 1M
 Heap Min Capacity: 8M
 Heap Initial Capacity: 256M
 Heap Max Capacity: 1G
 Pre-touch: Disabled
 Parallel Workers: 4
 Concurrent Workers: 1
 Concurrent Refinement Workers: 4
 Periodic GC: Disabled

Heap:
 garbage-first heap   total 178176K, used 123299K [0x00000000c0000000, 0x0000000100000000)
  region size 1024K, 10 young (10240K), 5 survivors (5120K)
 Metaspace       used 75881K, committed 77760K, reserved 1179648K
  class space    used 10294K, committed 11264K, reserved 1048576K

Heap Regions: E=young(eden), S=young(survivor), O=old, HS=humongous(starts), HC=humongous(continues), CS=collection set, F=free, OA=open archive, CA=closed archive, TAMS=top-at-mark-start (previous, next)
|   0|0x00000000c0000000, 0x00000000c0100000, 0x00000000c0100000|100%|HS|  |TAMS 0x00000000c0100000, 0x00000000c0000000| Complete 
|   1|0x00000000c0100000, 0x00000000c0200000, 0x00000000c0200000|100%|HC|  |TAMS 0x00000000c0200000, 0x00000000c0100000| Complete 
|   2|0x00000000c0200000, 0x00000000c0300000, 0x00000000c0300000|100%|HC|  |TAMS 0x00000000c0300000, 0x00000000c0200000| Complete 
|   3|0x00000000c0300000, 0x00000000c0400000, 0x00000000c0400000|100%| O|  |TAMS 0x00000000c0400000, 0x00000000c0300000| Untracked 
|   4|0x00000000c0400000, 0x00000000c0500000, 0x00000000c0500000|100%| O|  |TAMS 0x00000000c0500000, 0x00000000c0400000| Updating 
|   5|0x00000000c0500000, 0x00000000c0600000, 0x00000000c0600000|100%| O|  |TAMS 0x00000000c0600000, 0x00000000c0500000| Untracked 
|   6|0x00000000c0600000, 0x00000000c0700000, 0x00000000c0700000|100%| O|  |TAMS 0x00000000c0700000, 0x00000000c0600000| Untracked 
|   7|0x00000000c0700000, 0x00000000c0800000, 0x00000000c0800000|100%| O|  |TAMS 0x00000000c0800000, 0x00000000c0700000| Untracked 
|   8|0x00000000c0800000, 0x00000000c0900000, 0x00000000c0900000|100%| O|  |TAMS 0x00000000c0900000, 0x00000000c0800000| Untracked 
|   9|0x00000000c0900000, 0x00000000c0a00000, 0x00000000c0a00000|100%| O|  |TAMS 0x00000000c0a00000, 0x00000000c0900000| Untracked 
|  10|0x00000000c0a00000, 0x00000000c0b00000, 0x00000000c0b00000|100%| O|  |TAMS 0x00000000c0b00000, 0x00000000c0a00000| Untracked 
|  11|0x00000000c0b00000, 0x00000000c0c00000, 0x00000000c0c00000|100%| O|  |TAMS 0x00000000c0c00000, 0x00000000c0b00000| Updating 
|  12|0x00000000c0c00000, 0x00000000c0d00000, 0x00000000c0d00000|100%| O|  |TAMS 0x00000000c0d00000, 0x00000000c0c00000| Untracked 
|  13|0x00000000c0d00000, 0x00000000c0e00000, 0x00000000c0e00000|100%| O|  |TAMS 0x00000000c0e00000, 0x00000000c0d00000| Untracked 
|  14|0x00000000c0e00000, 0x00000000c0f00000, 0x00000000c0f00000|100%| O|  |TAMS 0x00000000c0f00000, 0x00000000c0e00000| Untracked 
|  15|0x00000000c0f00000, 0x00000000c1000000, 0x00000000c1000000|100%| O|  |TAMS 0x00000000c1000000, 0x00000000c0f00000| Untracked 
|  16|0x00000000c1000000, 0x00000000c1100000, 0x00000000c1100000|100%| O|  |TAMS 0x00000000c1100000, 0x00000000c1000000| Untracked 
|  17|0x00000000c1100000, 0x00000000c1200000, 0x00000000c1200000|100%| O|  |TAMS 0x00000000c1200000, 0x00000000c1100000| Untracked 
|  18|0x00000000c1200000, 0x00000000c1300000, 0x00000000c1300000|100%| O|  |TAMS 0x00000000c1300000, 0x00000000c1200000| Untracked 
|  19|0x00000000c1300000, 0x00000000c1400000, 0x00000000c1400000|100%| O|  |TAMS 0x00000000c1400000, 0x00000000c1300000| Untracked 
|  20|0x00000000c1400000, 0x00000000c1500000, 0x00000000c1500000|100%| O|  |TAMS 0x00000000c1500000, 0x00000000c1400000| Untracked 
|  21|0x00000000c1500000, 0x00000000c1600000, 0x00000000c1600000|100%| O|  |TAMS 0x00000000c1600000, 0x00000000c1500000| Untracked 
|  22|0x00000000c1600000, 0x00000000c1700000, 0x00000000c1700000|100%| O|  |TAMS 0x00000000c1700000, 0x00000000c1600000| Updating 
|  23|0x00000000c1700000, 0x00000000c1800000, 0x00000000c1800000|100%| O|  |TAMS 0x00000000c1800000, 0x00000000c1700000| Untracked 
|  24|0x00000000c1800000, 0x00000000c1900000, 0x00000000c1900000|100%| O|  |TAMS 0x00000000c1900000, 0x00000000c1800000| Untracked 
|  25|0x00000000c1900000, 0x00000000c1a00000, 0x00000000c1a00000|100%| O|  |TAMS 0x00000000c1a00000, 0x00000000c1900000| Untracked 
|  26|0x00000000c1a00000, 0x00000000c1b00000, 0x00000000c1b00000|100%| O|  |TAMS 0x00000000c1b00000, 0x00000000c1a00000| Untracked 
|  27|0x00000000c1b00000, 0x00000000c1c00000, 0x00000000c1c00000|100%| O|  |TAMS 0x00000000c1c00000, 0x00000000c1b00000| Untracked 
|  28|0x00000000c1c00000, 0x00000000c1d00000, 0x00000000c1d00000|100%| O|  |TAMS 0x00000000c1d00000, 0x00000000c1c00000| Untracked 
|  29|0x00000000c1d00000, 0x00000000c1e00000, 0x00000000c1e00000|100%| O|  |TAMS 0x00000000c1e00000, 0x00000000c1d00000| Untracked 
|  30|0x00000000c1e00000, 0x00000000c1f00000, 0x00000000c1f00000|100%| O|  |TAMS 0x00000000c1f00000, 0x00000000c1e00000| Updating 
|  31|0x00000000c1f00000, 0x00000000c2000000, 0x00000000c2000000|100%| O|  |TAMS 0x00000000c2000000, 0x00000000c1f00000| Updating 
|  32|0x00000000c2000000, 0x00000000c2100000, 0x00000000c2100000|100%| O|  |TAMS 0x00000000c2100000, 0x00000000c2000000| Updating 
|  33|0x00000000c2100000, 0x00000000c2200000, 0x00000000c2200000|100%| O|  |TAMS 0x00000000c2200000, 0x00000000c2100000| Untracked 
|  34|0x00000000c2200000, 0x00000000c2300000, 0x00000000c2300000|100%| O|  |TAMS 0x00000000c2300000, 0x00000000c2200000| Untracked 
|  35|0x00000000c2300000, 0x00000000c2400000, 0x00000000c2400000|100%| O|  |TAMS 0x00000000c2400000, 0x00000000c2300000| Untracked 
|  36|0x00000000c2400000, 0x00000000c2500000, 0x00000000c2500000|100%| O|  |TAMS 0x00000000c2500000, 0x00000000c2400000| Updating 
|  37|0x00000000c2500000, 0x00000000c2600000, 0x00000000c2600000|100%| O|  |TAMS 0x00000000c2600000, 0x00000000c2500000| Untracked 
|  38|0x00000000c2600000, 0x00000000c2700000, 0x00000000c2700000|100%| O|  |TAMS 0x00000000c2700000, 0x00000000c2600000| Untracked 
|  39|0x00000000c2700000, 0x00000000c2800000, 0x00000000c2800000|100%| O|  |TAMS 0x00000000c2800000, 0x00000000c2700000| Untracked 
|  40|0x00000000c2800000, 0x00000000c2900000, 0x00000000c2900000|100%| O|  |TAMS 0x00000000c2900000, 0x00000000c2800000| Untracked 
|  41|0x00000000c2900000, 0x00000000c2a00000, 0x00000000c2a00000|100%| O|  |TAMS 0x00000000c2a00000, 0x00000000c2900000| Untracked 
|  42|0x00000000c2a00000, 0x00000000c2b00000, 0x00000000c2b00000|100%| O|  |TAMS 0x00000000c2b00000, 0x00000000c2a00000| Untracked 
|  43|0x00000000c2b00000, 0x00000000c2c00000, 0x00000000c2c00000|100%| O|  |TAMS 0x00000000c2c00000, 0x00000000c2b00000| Untracked 
|  44|0x00000000c2c00000, 0x00000000c2d00000, 0x00000000c2d00000|100%| O|  |TAMS 0x00000000c2d00000, 0x00000000c2c00000| Untracked 
|  45|0x00000000c2d00000, 0x00000000c2e00000, 0x00000000c2e00000|100%| O|  |TAMS 0x00000000c2e00000, 0x00000000c2d00000| Untracked 
|  46|0x00000000c2e00000, 0x00000000c2f00000, 0x00000000c2f00000|100%| O|  |TAMS 0x00000000c2f00000, 0x00000000c2e00000| Untracked 
|  47|0x00000000c2f00000, 0x00000000c3000000, 0x00000000c3000000|100%| O|  |TAMS 0x00000000c3000000, 0x00000000c2f00000| Untracked 
|  48|0x00000000c3000000, 0x00000000c3100000, 0x00000000c3100000|100%| O|  |TAMS 0x00000000c3100000, 0x00000000c3000000| Untracked 
|  49|0x00000000c3100000, 0x00000000c3200000, 0x00000000c3200000|100%| O|  |TAMS 0x00000000c3200000, 0x00000000c3100000| Updating 
|  50|0x00000000c3200000, 0x00000000c3300000, 0x00000000c3300000|100%| O|  |TAMS 0x00000000c3300000, 0x00000000c3200000| Untracked 
|  51|0x00000000c3300000, 0x00000000c3400000, 0x00000000c3400000|100%| O|  |TAMS 0x00000000c3400000, 0x00000000c3300000| Untracked 
|  52|0x00000000c3400000, 0x00000000c3500000, 0x00000000c3500000|100%| O|  |TAMS 0x00000000c3500000, 0x00000000c3400000| Untracked 
|  53|0x00000000c3500000, 0x00000000c3600000, 0x00000000c3600000|100%| O|  |TAMS 0x00000000c3600000, 0x00000000c3500000| Untracked 
|  54|0x00000000c3600000, 0x00000000c3700000, 0x00000000c3700000|100%| O|  |TAMS 0x00000000c3700000, 0x00000000c3600000| Untracked 
|  55|0x00000000c3700000, 0x00000000c3800000, 0x00000000c3800000|100%| O|  |TAMS 0x00000000c3800000, 0x00000000c3700000| Updating 
|  56|0x00000000c3800000, 0x00000000c3900000, 0x00000000c3900000|100%| O|  |TAMS 0x00000000c3900000, 0x00000000c3800000| Untracked 
|  57|0x00000000c3900000, 0x00000000c3a00000, 0x00000000c3a00000|100%| O|  |TAMS 0x00000000c3a00000, 0x00000000c3900000| Untracked 
|  58|0x00000000c3a00000, 0x00000000c3b00000, 0x00000000c3b00000|100%| O|  |TAMS 0x00000000c3b00000, 0x00000000c3a00000| Untracked 
|  59|0x00000000c3b00000, 0x00000000c3c00000, 0x00000000c3c00000|100%| O|  |TAMS 0x00000000c3c00000, 0x00000000c3b00000| Untracked 
|  60|0x00000000c3c00000, 0x00000000c3d00000, 0x00000000c3d00000|100%| O|  |TAMS 0x00000000c3d00000, 0x00000000c3c00000| Untracked 
|  61|0x00000000c3d00000, 0x00000000c3e00000, 0x00000000c3e00000|100%| O|  |TAMS 0x00000000c3e00000, 0x00000000c3d00000| Untracked 
|  62|0x00000000c3e00000, 0x00000000c3f00000, 0x00000000c3f00000|100%| O|  |TAMS 0x00000000c3f00000, 0x00000000c3e00000| Untracked 
|  63|0x00000000c3f00000, 0x00000000c4000000, 0x00000000c4000000|100%| O|  |TAMS 0x00000000c4000000, 0x00000000c3f00000| Untracked 
|  64|0x00000000c4000000, 0x00000000c4100000, 0x00000000c4100000|100%| O|  |TAMS 0x00000000c4100000, 0x00000000c4000000| Untracked 
|  65|0x00000000c4100000, 0x00000000c4200000, 0x00000000c4200000|100%| O|  |TAMS 0x00000000c4200000, 0x00000000c4100000| Untracked 
|  66|0x00000000c4200000, 0x00000000c4300000, 0x00000000c4300000|100%| O|  |TAMS 0x00000000c4300000, 0x00000000c4200000| Updating 
|  67|0x00000000c4300000, 0x00000000c4400000, 0x00000000c4400000|100%| O|  |TAMS 0x00000000c4400000, 0x00000000c4300000| Untracked 
|  68|0x00000000c4400000, 0x00000000c4500000, 0x00000000c4500000|100%| O|  |TAMS 0x00000000c4500000, 0x00000000c4400000| Untracked 
|  69|0x00000000c4500000, 0x00000000c4600000, 0x00000000c4600000|100%| O|  |TAMS 0x00000000c4600000, 0x00000000c4500000| Untracked 
|  70|0x00000000c4600000, 0x00000000c4700000, 0x00000000c4700000|100%| O|  |TAMS 0x00000000c4700000, 0x00000000c4600000| Untracked 
|  71|0x00000000c4700000, 0x00000000c4800000, 0x00000000c4800000|100%| O|  |TAMS 0x00000000c4800000, 0x00000000c4700000| Untracked 
|  72|0x00000000c4800000, 0x00000000c4900000, 0x00000000c4900000|100%| O|  |TAMS 0x00000000c4900000, 0x00000000c4800000| Untracked 
|  73|0x00000000c4900000, 0x00000000c4a00000, 0x00000000c4a00000|100%| O|  |TAMS 0x00000000c4a00000, 0x00000000c4900000| Untracked 
|  74|0x00000000c4a00000, 0x00000000c4b00000, 0x00000000c4b00000|100%| O|  |TAMS 0x00000000c4b00000, 0x00000000c4a00000| Untracked 
|  75|0x00000000c4b00000, 0x00000000c4c00000, 0x00000000c4c00000|100%| O|  |TAMS 0x00000000c4c00000, 0x00000000c4b00000| Untracked 
|  76|0x00000000c4c00000, 0x00000000c4d00000, 0x00000000c4d00000|100%| O|  |TAMS 0x00000000c4d00000, 0x00000000c4c00000| Untracked 
|  77|0x00000000c4d00000, 0x00000000c4e00000, 0x00000000c4e00000|100%| O|  |TAMS 0x00000000c4e00000, 0x00000000c4d00000| Untracked 
|  78|0x00000000c4e00000, 0x00000000c4f00000, 0x00000000c4f00000|100%| O|  |TAMS 0x00000000c4f00000, 0x00000000c4e00000| Untracked 
|  79|0x00000000c4f00000, 0x00000000c5000000, 0x00000000c5000000|100%| O|  |TAMS 0x00000000c5000000, 0x00000000c4f00000| Untracked 
|  80|0x00000000c5000000, 0x00000000c5100000, 0x00000000c5100000|100%| O|  |TAMS 0x00000000c5100000, 0x00000000c5000000| Updating 
|  81|0x00000000c5100000, 0x00000000c5200000, 0x00000000c5200000|100%| O|  |TAMS 0x00000000c5200000, 0x00000000c5100000| Untracked 
|  82|0x00000000c5200000, 0x00000000c5300000, 0x00000000c5300000|100%| O|  |TAMS 0x00000000c5300000, 0x00000000c5200000| Updating 
|  83|0x00000000c5300000, 0x00000000c5400000, 0x00000000c5400000|100%| O|  |TAMS 0x00000000c5400000, 0x00000000c5300000| Untracked 
|  84|0x00000000c5400000, 0x00000000c5500000, 0x00000000c5500000|100%| O|  |TAMS 0x00000000c5500000, 0x00000000c5400000| Updating 
|  85|0x00000000c5500000, 0x00000000c5600000, 0x00000000c5600000|100%| O|  |TAMS 0x00000000c5600000, 0x00000000c5500000| Updating 
|  86|0x00000000c5600000, 0x00000000c5700000, 0x00000000c5700000|100%| O|  |TAMS 0x00000000c5700000, 0x00000000c5600000| Untracked 
|  87|0x00000000c5700000, 0x00000000c5800000, 0x00000000c5800000|100%| O|  |TAMS 0x00000000c5800000, 0x00000000c5700000| Untracked 
|  88|0x00000000c5800000, 0x00000000c5900000, 0x00000000c5900000|100%| O|  |TAMS 0x00000000c5900000, 0x00000000c5800000| Untracked 
|  89|0x00000000c5900000, 0x00000000c5a00000, 0x00000000c5a00000|100%| O|  |TAMS 0x00000000c5a00000, 0x00000000c5900000| Untracked 
|  90|0x00000000c5a00000, 0x00000000c5b00000, 0x00000000c5b00000|100%| O|  |TAMS 0x00000000c5b00000, 0x00000000c5a00000| Updating 
|  91|0x00000000c5b00000, 0x00000000c5c00000, 0x00000000c5c00000|100%| O|  |TAMS 0x00000000c5c00000, 0x00000000c5b00000| Untracked 
|  92|0x00000000c5c00000, 0x00000000c5d00000, 0x00000000c5d00000|100%| O|  |TAMS 0x00000000c5d00000, 0x00000000c5c00000| Untracked 
|  93|0x00000000c5d00000, 0x00000000c5e00000, 0x00000000c5e00000|100%| O|  |TAMS 0x00000000c5e00000, 0x00000000c5d00000| Untracked 
|  94|0x00000000c5e00000, 0x00000000c5f00000, 0x00000000c5f00000|100%| O|  |TAMS 0x00000000c5f00000, 0x00000000c5e00000| Untracked 
|  95|0x00000000c5f00000, 0x00000000c6000000, 0x00000000c6000000|100%| O|  |TAMS 0x00000000c6000000, 0x00000000c5f00000| Updating 
|  96|0x00000000c6000000, 0x00000000c6100000, 0x00000000c6100000|100%| O|  |TAMS 0x00000000c6100000, 0x00000000c6000000| Untracked 
|  97|0x00000000c6100000, 0x00000000c6200000, 0x00000000c6200000|100%| O|  |TAMS 0x00000000c6200000, 0x00000000c6100000| Untracked 
|  98|0x00000000c6200000, 0x00000000c6300000, 0x00000000c6300000|100%| O|  |TAMS 0x00000000c6300000, 0x00000000c6200000| Updating 
|  99|0x00000000c6300000, 0x00000000c6400000, 0x00000000c6400000|100%| O|  |TAMS 0x00000000c6400000, 0x00000000c6300000| Untracked 
| 100|0x00000000c6400000, 0x00000000c6500000, 0x00000000c6500000|100%| O|  |TAMS 0x00000000c6500000, 0x00000000c6400000| Untracked 
| 101|0x00000000c6500000, 0x00000000c6600000, 0x00000000c6600000|100%| O|  |TAMS 0x00000000c6600000, 0x00000000c6500000| Updating 
| 102|0x00000000c6600000, 0x00000000c6700000, 0x00000000c6700000|100%| O|  |TAMS 0x00000000c6700000, 0x00000000c6600000| Updating 
| 103|0x00000000c6700000, 0x00000000c6800000, 0x00000000c6800000|100%| O|  |TAMS 0x00000000c6800000, 0x00000000c6700000| Untracked 
| 104|0x00000000c6800000, 0x00000000c6900000, 0x00000000c6900000|100%| O|  |TAMS 0x00000000c6900000, 0x00000000c6800000| Untracked 
| 105|0x00000000c6900000, 0x00000000c6a00000, 0x00000000c6a00000|100%| O|  |TAMS 0x00000000c6a00000, 0x00000000c6900000| Untracked 
| 106|0x00000000c6a00000, 0x00000000c6b00000, 0x00000000c6b00000|100%| O|  |TAMS 0x00000000c6b00000, 0x00000000c6a00000| Untracked 
| 107|0x00000000c6b00000, 0x00000000c6c00000, 0x00000000c6c00000|100%| O|  |TAMS 0x00000000c6b5a600, 0x00000000c6b00000| Untracked 
| 108|0x00000000c6c00000, 0x00000000c6d00000, 0x00000000c6d00000|100%| O|  |TAMS 0x00000000c6c00000, 0x00000000c6c00000| Untracked 
| 109|0x00000000c6d00000, 0x00000000c6e00000, 0x00000000c6e00000|100%| O|  |TAMS 0x00000000c6d00000, 0x00000000c6d00000| Untracked 
| 110|0x00000000c6e00000, 0x00000000c6f00000, 0x00000000c6f00000|100%| O|  |TAMS 0x00000000c6e00000, 0x00000000c6e00000| Untracked 
| 111|0x00000000c6f00000, 0x00000000c7000000, 0x00000000c7000000|100%| O|  |TAMS 0x00000000c6f00000, 0x00000000c6f00000| Untracked 
| 112|0x00000000c7000000, 0x00000000c7068e00, 0x00000000c7100000| 40%| O|  |TAMS 0x00000000c7000000, 0x00000000c7000000| Updating 
| 113|0x00000000c7100000, 0x00000000c7100000, 0x00000000c7200000|  0%| F|  |TAMS 0x00000000c7100000, 0x00000000c7100000| Untracked 
| 114|0x00000000c7200000, 0x00000000c7200000, 0x00000000c7300000|  0%| F|  |TAMS 0x00000000c7200000, 0x00000000c7200000| Untracked 
| 115|0x00000000c7300000, 0x00000000c7300000, 0x00000000c7400000|  0%| F|  |TAMS 0x00000000c7300000, 0x00000000c7300000| Untracked 
| 116|0x00000000c7400000, 0x00000000c7400000, 0x00000000c7500000|  0%| F|  |TAMS 0x00000000c7400000, 0x00000000c7400000| Untracked 
| 117|0x00000000c7500000, 0x00000000c7500000, 0x00000000c7600000|  0%| F|  |TAMS 0x00000000c7500000, 0x00000000c7500000| Untracked 
| 118|0x00000000c7600000, 0x00000000c7600000, 0x00000000c7700000|  0%| F|  |TAMS 0x00000000c7600000, 0x00000000c7600000| Untracked 
| 119|0x00000000c7700000, 0x00000000c7700000, 0x00000000c7800000|  0%| F|  |TAMS 0x00000000c7700000, 0x00000000c7700000| Untracked 
| 120|0x00000000c7800000, 0x00000000c7800000, 0x00000000c7900000|  0%| F|  |TAMS 0x00000000c7800000, 0x00000000c7800000| Untracked 
| 121|0x00000000c7900000, 0x00000000c7900000, 0x00000000c7a00000|  0%| F|  |TAMS 0x00000000c7900000, 0x00000000c7900000| Untracked 
| 122|0x00000000c7a00000, 0x00000000c7a00000, 0x00000000c7b00000|  0%| F|  |TAMS 0x00000000c7a00000, 0x00000000c7a00000| Untracked 
| 123|0x00000000c7b00000, 0x00000000c7b00000, 0x00000000c7c00000|  0%| F|  |TAMS 0x00000000c7b00000, 0x00000000c7b00000| Untracked 
| 124|0x00000000c7c00000, 0x00000000c7c00000, 0x00000000c7d00000|  0%| F|  |TAMS 0x00000000c7c00000, 0x00000000c7c00000| Untracked 
| 125|0x00000000c7d00000, 0x00000000c7d00000, 0x00000000c7e00000|  0%| F|  |TAMS 0x00000000c7d00000, 0x00000000c7d00000| Untracked 
| 126|0x00000000c7e00000, 0x00000000c7e00000, 0x00000000c7f00000|  0%| F|  |TAMS 0x00000000c7e00000, 0x00000000c7e00000| Untracked 
| 127|0x00000000c7f00000, 0x00000000c7f00000, 0x00000000c8000000|  0%| F|  |TAMS 0x00000000c7f00000, 0x00000000c7f00000| Untracked 
| 128|0x00000000c8000000, 0x00000000c8000000, 0x00000000c8100000|  0%| F|  |TAMS 0x00000000c8000000, 0x00000000c8000000| Untracked 
| 129|0x00000000c8100000, 0x00000000c8100000, 0x00000000c8200000|  0%| F|  |TAMS 0x00000000c8100000, 0x00000000c8100000| Untracked 
| 130|0x00000000c8200000, 0x00000000c8200000, 0x00000000c8300000|  0%| F|  |TAMS 0x00000000c8200000, 0x00000000c8200000| Untracked 
| 131|0x00000000c8300000, 0x00000000c8300000, 0x00000000c8400000|  0%| F|  |TAMS 0x00000000c8300000, 0x00000000c8300000| Untracked 
| 132|0x00000000c8400000, 0x00000000c8400000, 0x00000000c8500000|  0%| F|  |TAMS 0x00000000c8400000, 0x00000000c8400000| Untracked 
| 133|0x00000000c8500000, 0x00000000c8500000, 0x00000000c8600000|  0%| F|  |TAMS 0x00000000c8500000, 0x00000000c8500000| Untracked 
| 134|0x00000000c8600000, 0x00000000c8600000, 0x00000000c8700000|  0%| F|  |TAMS 0x00000000c8600000, 0x00000000c8600000| Untracked 
| 135|0x00000000c8700000, 0x00000000c8700000, 0x00000000c8800000|  0%| F|  |TAMS 0x00000000c8700000, 0x00000000c8700000| Untracked 
| 136|0x00000000c8800000, 0x00000000c8800000, 0x00000000c8900000|  0%| F|  |TAMS 0x00000000c8800000, 0x00000000c8800000| Untracked 
| 137|0x00000000c8900000, 0x00000000c8a00000, 0x00000000c8a00000|100%| S|CS|TAMS 0x00000000c8900000, 0x00000000c8900000| Complete 
| 138|0x00000000c8a00000, 0x00000000c8b00000, 0x00000000c8b00000|100%| S|CS|TAMS 0x00000000c8a00000, 0x00000000c8a00000| Complete 
| 139|0x00000000c8b00000, 0x00000000c8c00000, 0x00000000c8c00000|100%| S|CS|TAMS 0x00000000c8b00000, 0x00000000c8b00000| Complete 
| 140|0x00000000c8c00000, 0x00000000c8c00000, 0x00000000c8d00000|  0%| F|  |TAMS 0x00000000c8c00000, 0x00000000c8c00000| Untracked 
| 141|0x00000000c8d00000, 0x00000000c8d00000, 0x00000000c8e00000|  0%| F|  |TAMS 0x00000000c8d00000, 0x00000000c8d00000| Untracked 
| 142|0x00000000c8e00000, 0x00000000c8e00000, 0x00000000c8f00000|  0%| F|  |TAMS 0x00000000c8e00000, 0x00000000c8e00000| Untracked 
| 143|0x00000000c8f00000, 0x00000000c8f00000, 0x00000000c9000000|  0%| F|  |TAMS 0x00000000c8f00000, 0x00000000c8f00000| Untracked 
| 144|0x00000000c9000000, 0x00000000c9100000, 0x00000000c9100000|100%| S|CS|TAMS 0x00000000c9000000, 0x00000000c9000000| Complete 
| 145|0x00000000c9100000, 0x00000000c9200000, 0x00000000c9200000|100%| S|CS|TAMS 0x00000000c9100000, 0x00000000c9100000| Complete 
| 146|0x00000000c9200000, 0x00000000c9200000, 0x00000000c9300000|  0%| F|  |TAMS 0x00000000c9200000, 0x00000000c9200000| Untracked 
| 147|0x00000000c9300000, 0x00000000c9300000, 0x00000000c9400000|  0%| F|  |TAMS 0x00000000c9300000, 0x00000000c9300000| Untracked 
| 148|0x00000000c9400000, 0x00000000c9400000, 0x00000000c9500000|  0%| F|  |TAMS 0x00000000c9400000, 0x00000000c9400000| Untracked 
| 149|0x00000000c9500000, 0x00000000c9500000, 0x00000000c9600000|  0%| F|  |TAMS 0x00000000c9500000, 0x00000000c9500000| Untracked 
| 150|0x00000000c9600000, 0x00000000c9600000, 0x00000000c9700000|  0%| F|  |TAMS 0x00000000c9600000, 0x00000000c9600000| Untracked 
| 151|0x00000000c9700000, 0x00000000c9700000, 0x00000000c9800000|  0%| F|  |TAMS 0x00000000c9700000, 0x00000000c9700000| Untracked 
| 152|0x00000000c9800000, 0x00000000c9800000, 0x00000000c9900000|  0%| F|  |TAMS 0x00000000c9800000, 0x00000000c9800000| Untracked 
| 153|0x00000000c9900000, 0x00000000c9900000, 0x00000000c9a00000|  0%| F|  |TAMS 0x00000000c9900000, 0x00000000c9900000| Untracked 
| 154|0x00000000c9a00000, 0x00000000c9a00000, 0x00000000c9b00000|  0%| F|  |TAMS 0x00000000c9a00000, 0x00000000c9a00000| Untracked 
| 155|0x00000000c9b00000, 0x00000000c9b00000, 0x00000000c9c00000|  0%| F|  |TAMS 0x00000000c9b00000, 0x00000000c9b00000| Untracked 
| 156|0x00000000c9c00000, 0x00000000c9c00000, 0x00000000c9d00000|  0%| F|  |TAMS 0x00000000c9c00000, 0x00000000c9c00000| Untracked 
| 157|0x00000000c9d00000, 0x00000000c9d00000, 0x00000000c9e00000|  0%| F|  |TAMS 0x00000000c9d00000, 0x00000000c9d00000| Untracked 
| 158|0x00000000c9e00000, 0x00000000c9e00000, 0x00000000c9f00000|  0%| F|  |TAMS 0x00000000c9e00000, 0x00000000c9e00000| Untracked 
| 159|0x00000000c9f00000, 0x00000000c9f00000, 0x00000000ca000000|  0%| F|  |TAMS 0x00000000c9f00000, 0x00000000c9f00000| Untracked 
| 160|0x00000000ca000000, 0x00000000ca000000, 0x00000000ca100000|  0%| F|  |TAMS 0x00000000ca000000, 0x00000000ca000000| Untracked 
| 161|0x00000000ca100000, 0x00000000ca100000, 0x00000000ca200000|  0%| F|  |TAMS 0x00000000ca100000, 0x00000000ca100000| Untracked 
| 162|0x00000000ca200000, 0x00000000ca200000, 0x00000000ca300000|  0%| F|  |TAMS 0x00000000ca200000, 0x00000000ca200000| Untracked 
| 163|0x00000000ca300000, 0x00000000ca300000, 0x00000000ca400000|  0%| F|  |TAMS 0x00000000ca300000, 0x00000000ca300000| Untracked 
| 164|0x00000000ca400000, 0x00000000ca400000, 0x00000000ca500000|  0%| F|  |TAMS 0x00000000ca400000, 0x00000000ca400000| Untracked 
| 165|0x00000000ca500000, 0x00000000ca500000, 0x00000000ca600000|  0%| F|  |TAMS 0x00000000ca500000, 0x00000000ca500000| Untracked 
| 166|0x00000000ca600000, 0x00000000ca600000, 0x00000000ca700000|  0%| F|  |TAMS 0x00000000ca600000, 0x00000000ca600000| Untracked 
| 167|0x00000000ca700000, 0x00000000ca700000, 0x00000000ca800000|  0%| F|  |TAMS 0x00000000ca700000, 0x00000000ca700000| Untracked 
| 168|0x00000000ca800000, 0x00000000ca800000, 0x00000000ca900000|  0%| F|  |TAMS 0x00000000ca800000, 0x00000000ca800000| Untracked 
| 169|0x00000000ca900000, 0x00000000ca9ccdf0, 0x00000000caa00000| 80%| E|  |TAMS 0x00000000ca900000, 0x00000000ca900000| Complete 
| 170|0x00000000caa00000, 0x00000000cab00000, 0x00000000cab00000|100%| E|CS|TAMS 0x00000000caa00000, 0x00000000caa00000| Complete 
| 171|0x00000000cab00000, 0x00000000cac00000, 0x00000000cac00000|100%| E|CS|TAMS 0x00000000cab00000, 0x00000000cab00000| Complete 
| 172|0x00000000cac00000, 0x00000000cad00000, 0x00000000cad00000|100%| E|CS|TAMS 0x00000000cac00000, 0x00000000cac00000| Complete 
| 255|0x00000000cff00000, 0x00000000d0000000, 0x00000000d0000000|100%| E|  |TAMS 0x00000000cff00000, 0x00000000cff00000| Complete 

Card table byte_map: [0x000001f8faad0000,0x000001f8facd0000] _byte_map_base: 0x000001f8fa4d0000

Marking Bits (Prev, Next): (CMBitMap*) 0x000001f8fa847e00, (CMBitMap*) 0x000001f8fa847e40
 Prev Bits: [0x000001f8faed0000, 0x000001f8fbed0000)
 Next Bits: [0x000001f8fbed0000, 0x000001f8fced0000)

Polling page: 0x000001f8f8810000

Metaspace:

Usage:
  Non-class:     64.05 MB used.
      Class:     10.05 MB used.
       Both:     74.10 MB used.

Virtual space:
  Non-class space:      128.00 MB reserved,      64.94 MB ( 51%) committed,  2 nodes.
      Class space:        1.00 GB reserved,      11.00 MB (  1%) committed,  1 nodes.
             Both:        1.12 GB reserved,      75.94 MB (  7%) committed. 

Chunk freelists:
   Non-Class:  2.56 MB
       Class:  1.00 MB
        Both:  3.56 MB

MaxMetaspaceSize: unlimited
CompressedClassSpaceSize: 1.00 GB
Initial GC threshold: 21.00 MB
Current GC threshold: 126.56 MB
CDS: on
MetaspaceReclaimPolicy: balanced
 - commit_granule_bytes: 65536.
 - commit_granule_words: 8192.
 - virtual_space_node_default_size: 8388608.
 - enlarge_chunks_in_place: 1.
 - new_chunks_are_fully_committed: 0.
 - uncommit_free_chunks: 1.
 - use_allocation_guard: 0.


Internal statistics:

num_allocs_failed_limit: 6.
num_arena_births: 3320.
num_arena_deaths: 2.
num_vsnodes_births: 3.
num_vsnodes_deaths: 0.
num_space_committed: 1215.
num_space_uncommitted: 0.
num_chunks_returned_to_freelist: 16.
num_chunks_taken_from_freelist: 6551.
num_chunk_merges: 7.
num_chunk_splits: 4261.
num_chunks_enlarged: 2662.
num_inconsistent_stats: 0.

CodeHeap 'non-profiled nmethods': size=120000Kb used=5592Kb max_used=5592Kb free=114407Kb
 bounds [0x000001f88f340000, 0x000001f88f8c0000, 0x000001f896870000]
CodeHeap 'profiled nmethods': size=120000Kb used=19716Kb max_used=19716Kb free=100284Kb
 bounds [0x000001f887e10000, 0x000001f889160000, 0x000001f88f340000]
CodeHeap 'non-nmethods': size=5760Kb used=2429Kb max_used=2475Kb free=3330Kb
 bounds [0x000001f887870000, 0x000001f887af0000, 0x000001f887e10000]
 total_blobs=10807 nmethods=9852 adapters=867
 compilation: enabled
              stopped_count=0, restarted_count=0
 full_count=0

Compilation events (20 events):
Event: 61.732 Thread 0x000001f8ff35f8b0 11487       3       org.apache.tools.zip.ZipOutputStream::createLocalFileHeader (320 bytes)
Event: 61.734 Thread 0x000001f8ff35f8b0 nmethod 11487 0x000001f889147690 code [0x000001f889147a60, 0x000001f889149508]
Event: 61.734 Thread 0x000001f8ff35f8b0 11488       3       org.apache.tools.zip.ZipEntry::getLocalFileDataExtra (17 bytes)
Event: 61.734 Thread 0x000001f8ff35f8b0 nmethod 11488 0x000001f889149e10 code [0x000001f889149fc0, 0x000001f88914a1d8]
Event: 61.734 Thread 0x000001f8ff35f8b0 11490       3       org.apache.tools.zip.ZipOutputStream$CurrentEntry::access$402 (7 bytes)
Event: 61.734 Thread 0x000001f8ff35f8b0 nmethod 11490 0x000001f88914a290 code [0x000001f88914a420, 0x000001f88914a518]
Event: 61.734 Thread 0x000001f8ff35f8b0 11491       3       org.apache.tools.zip.ZipOutputStream$CurrentEntry::access$102 (7 bytes)
Event: 61.734 Thread 0x000001f8ff35f8b0 nmethod 11491 0x000001f88914a610 code [0x000001f88914a7a0, 0x000001f88914a898]
Event: 61.734 Thread 0x000001f8ff35f8b0 11489       3       sun.util.calendar.BaseCalendar::getCalendarDateFromFixedDate (305 bytes)
Event: 61.735 Thread 0x000001f8ff35f8b0 nmethod 11489 0x000001f88914a990 code [0x000001f88914ac20, 0x000001f88914c2b8]
Event: 61.773 Thread 0x000001f8ff35f8b0 11492   !   3       java.util.zip.Deflater::reset (64 bytes)
Event: 61.774 Thread 0x000001f8ff35f8b0 nmethod 11492 0x000001f88914ca10 code [0x000001f88914cbe0, 0x000001f88914cf38]
Event: 61.774 Thread 0x000001f8ff35f8b0 11494       3       org.apache.tools.zip.ZipOutputStream::checkIfNeedsZip64 (44 bytes)
Event: 61.774 Thread 0x000001f8ff35f8b0 nmethod 11494 0x000001f88914d110 code [0x000001f88914d300, 0x000001f88914d898]
Event: 61.774 Thread 0x000001f8ff35f8b0 11495       3       org.apache.tools.zip.ZipOutputStream::rewriteSizesAndCrc (282 bytes)
Event: 61.778 Thread 0x000001f8ff35f8b0 nmethod 11495 0x000001f88914da90 code [0x000001f88914e1c0, 0x000001f889151958]
Event: 61.778 Thread 0x000001f8ff35f8b0 11496       3       org.apache.tools.zip.ZipOutputStream::writeDataDescriptor (91 bytes)
Event: 61.778 Thread 0x000001f8ff35f8b0 nmethod 11496 0x000001f889153090 code [0x000001f889153340, 0x000001f889153d98]
Event: 61.778 Thread 0x000001f8ff35f8b0 11497       3       org.gradle.api.internal.file.copy.DefaultFileCopyDetails::<init> (59 bytes)
Event: 61.779 Thread 0x000001f8ff35f8b0 nmethod 11497 0x000001f889154110 code [0x000001f889154380, 0x000001f889155088]

GC Heap History (20 events):
Event: 53.676 GC heap before
{Heap before GC invocations=41 (full 0):
 garbage-first heap   total 142336K, used 105472K [0x00000000c0000000, 0x0000000100000000)
  region size 1024K, 21 young (21504K), 1 survivors (1024K)
 Metaspace       used 75837K, committed 77760K, reserved 1179648K
  class space    used 10293K, committed 11264K, reserved 1048576K
}
Event: 53.680 GC heap after
{Heap after GC invocations=42 (full 0):
 garbage-first heap   total 142336K, used 90852K [0x00000000c0000000, 0x0000000100000000)
  region size 1024K, 3 young (3072K), 3 survivors (3072K)
 Metaspace       used 75837K, committed 77760K, reserved 1179648K
  class space    used 10293K, committed 11264K, reserved 1048576K
}
Event: 53.803 GC heap before
{Heap before GC invocations=42 (full 0):
 garbage-first heap   total 142336K, used 92900K [0x00000000c0000000, 0x0000000100000000)
  region size 1024K, 6 young (6144K), 3 survivors (3072K)
 Metaspace       used 75837K, committed 77760K, reserved 1179648K
  class space    used 10293K, committed 11264K, reserved 1048576K
}
Event: 53.806 GC heap after
{Heap after GC invocations=43 (full 0):
 garbage-first heap   total 142336K, used 91497K [0x00000000c0000000, 0x0000000100000000)
  region size 1024K, 1 young (1024K), 1 survivors (1024K)
 Metaspace       used 75837K, committed 77760K, reserved 1179648K
  class space    used 10293K, committed 11264K, reserved 1048576K
}
Event: 54.935 GC heap before
{Heap before GC invocations=43 (full 0):
 garbage-first heap   total 142336K, used 108905K [0x00000000c0000000, 0x0000000100000000)
  region size 1024K, 19 young (19456K), 1 survivors (1024K)
 Metaspace       used 75867K, committed 77760K, reserved 1179648K
  class space    used 10294K, committed 11264K, reserved 1048576K
}
Event: 54.937 GC heap after
{Heap after GC invocations=44 (full 0):
 garbage-first heap   total 142336K, used 95927K [0x00000000c0000000, 0x0000000100000000)
  region size 1024K, 3 young (3072K), 3 survivors (3072K)
 Metaspace       used 75867K, committed 77760K, reserved 1179648K
  class space    used 10294K, committed 11264K, reserved 1048576K
}
Event: 55.786 GC heap before
{Heap before GC invocations=44 (full 0):
 garbage-first heap   total 142336K, used 111287K [0x00000000c0000000, 0x0000000100000000)
  region size 1024K, 19 young (19456K), 3 survivors (3072K)
 Metaspace       used 75867K, committed 77760K, reserved 1179648K
  class space    used 10294K, committed 11264K, reserved 1048576K
}
Event: 55.791 GC heap after
{Heap after GC invocations=45 (full 0):
 garbage-first heap   total 142336K, used 98392K [0x00000000c0000000, 0x0000000100000000)
  region size 1024K, 3 young (3072K), 3 survivors (3072K)
 Metaspace       used 75867K, committed 77760K, reserved 1179648K
  class space    used 10294K, committed 11264K, reserved 1048576K
}
Event: 56.380 GC heap before
{Heap before GC invocations=45 (full 0):
 garbage-first heap   total 142336K, used 112728K [0x00000000c0000000, 0x0000000100000000)
  region size 1024K, 18 young (18432K), 3 survivors (3072K)
 Metaspace       used 75870K, committed 77760K, reserved 1179648K
  class space    used 10294K, committed 11264K, reserved 1048576K
}
Event: 56.383 GC heap after
{Heap after GC invocations=46 (full 0):
 garbage-first heap   total 142336K, used 100775K [0x00000000c0000000, 0x0000000100000000)
  region size 1024K, 3 young (3072K), 3 survivors (3072K)
 Metaspace       used 75870K, committed 77760K, reserved 1179648K
  class space    used 10294K, committed 11264K, reserved 1048576K
}
Event: 57.114 GC heap before
{Heap before GC invocations=47 (full 0):
 garbage-first heap   total 178176K, used 115111K [0x00000000c0000000, 0x0000000100000000)
  region size 1024K, 18 young (18432K), 3 survivors (3072K)
 Metaspace       used 75873K, committed 77760K, reserved 1179648K
  class space    used 10294K, committed 11264K, reserved 1048576K
}
Event: 57.118 GC heap after
{Heap after GC invocations=48 (full 0):
 garbage-first heap   total 178176K, used 103544K [0x00000000c0000000, 0x0000000100000000)
  region size 1024K, 3 young (3072K), 3 survivors (3072K)
 Metaspace       used 75873K, committed 77760K, reserved 1179648K
  class space    used 10294K, committed 11264K, reserved 1048576K
}
Event: 57.388 GC heap before
{Heap before GC invocations=48 (full 0):
 garbage-first heap   total 178176K, used 108664K [0x00000000c0000000, 0x0000000100000000)
  region size 1024K, 8 young (8192K), 3 survivors (3072K)
 Metaspace       used 75874K, committed 77760K, reserved 1179648K
  class space    used 10294K, committed 11264K, reserved 1048576K
}
Event: 57.393 GC heap after
{Heap after GC invocations=49 (full 0):
 garbage-first heap   total 178176K, used 103978K [0x00000000c0000000, 0x0000000100000000)
  region size 1024K, 1 young (1024K), 1 survivors (1024K)
 Metaspace       used 75874K, committed 77760K, reserved 1179648K
  class space    used 10294K, committed 11264K, reserved 1048576K
}
Event: 59.098 GC heap before
{Heap before GC invocations=49 (full 0):
 garbage-first heap   total 178176K, used 136746K [0x00000000c0000000, 0x0000000100000000)
  region size 1024K, 34 young (34816K), 1 survivors (1024K)
 Metaspace       used 75874K, committed 77760K, reserved 1179648K
  class space    used 10294K, committed 11264K, reserved 1048576K
}
Event: 59.104 GC heap after
{Heap after GC invocations=50 (full 0):
 garbage-first heap   total 178176K, used 109974K [0x00000000c0000000, 0x0000000100000000)
  region size 1024K, 5 young (5120K), 5 survivors (5120K)
 Metaspace       used 75874K, committed 77760K, reserved 1179648K
  class space    used 10294K, committed 11264K, reserved 1048576K
}
Event: 60.339 GC heap before
{Heap before GC invocations=50 (full 0):
 garbage-first heap   total 178176K, used 139670K [0x00000000c0000000, 0x0000000100000000)
  region size 1024K, 35 young (35840K), 5 survivors (5120K)
 Metaspace       used 75875K, committed 77760K, reserved 1179648K
  class space    used 10294K, committed 11264K, reserved 1048576K
}
Event: 60.347 GC heap after
{Heap after GC invocations=51 (full 0):
 garbage-first heap   total 178176K, used 114851K [0x00000000c0000000, 0x0000000100000000)
  region size 1024K, 5 young (5120K), 5 survivors (5120K)
 Metaspace       used 75875K, committed 77760K, reserved 1179648K
  class space    used 10294K, committed 11264K, reserved 1048576K
}
Event: 61.622 GC heap before
{Heap before GC invocations=51 (full 0):
 garbage-first heap   total 178176K, used 142499K [0x00000000c0000000, 0x0000000100000000)
  region size 1024K, 33 young (33792K), 5 survivors (5120K)
 Metaspace       used 75875K, committed 77760K, reserved 1179648K
  class space    used 10294K, committed 11264K, reserved 1048576K
}
Event: 61.628 GC heap after
{Heap after GC invocations=52 (full 0):
 garbage-first heap   total 178176K, used 120227K [0x00000000c0000000, 0x0000000100000000)
  region size 1024K, 5 young (5120K), 5 survivors (5120K)
 Metaspace       used 75875K, committed 77760K, reserved 1179648K
  class space    used 10294K, committed 11264K, reserved 1048576K
}

Deoptimization events (20 events):
Event: 59.514 Thread 0x000001f89c769230 Uncommon trap: trap_request=0xffffff45 fr.pc=0x000001f88f850dd0 relative=0x0000000000004bf0
Event: 59.514 Thread 0x000001f89c769230 Uncommon trap: reason=unstable_if action=reinterpret pc=0x000001f88f850dd0 method=org.objectweb.asm.ClassReader.readMethod(Lorg/objectweb/asm/ClassVisitor;Lorg/objectweb/asm/Context;I)I @ 335 c2
Event: 59.514 Thread 0x000001f89c769230 DEOPT PACKING pc=0x000001f88f850dd0 sp=0x000000b4b27fe770
Event: 59.514 Thread 0x000001f89c769230 DEOPT UNPACKING pc=0x000001f8878c23a3 sp=0x000000b4b27fe748 mode 2
Event: 59.671 Thread 0x000001f89c769230 Uncommon trap: trap_request=0xffffffd6 fr.pc=0x000001f88f888e8c relative=0x000000000000036c
Event: 59.671 Thread 0x000001f89c769230 Uncommon trap: reason=array_check action=maybe_recompile pc=0x000001f88f888e8c method=java.util.LinkedHashMap.valuesToArray([Ljava/lang/Object;)[Ljava/lang/Object; @ 25 c2
Event: 59.671 Thread 0x000001f89c769230 DEOPT PACKING pc=0x000001f88f888e8c sp=0x000000b4b27fe5b0
Event: 59.672 Thread 0x000001f89c769230 DEOPT UNPACKING pc=0x000001f8878c23a3 sp=0x000000b4b27fe558 mode 2
Event: 60.663 Thread 0x000001f89f0d5980 Uncommon trap: trap_request=0xffffff45 fr.pc=0x000001f88f87b3b0 relative=0x0000000000000550
Event: 60.663 Thread 0x000001f89f0d5980 Uncommon trap: reason=unstable_if action=reinterpret pc=0x000001f88f87b3b0 method=java.time.LocalDate.create(III)Ljava/time/LocalDate; @ 7 c2
Event: 60.663 Thread 0x000001f89f0d5980 DEOPT PACKING pc=0x000001f88f87b3b0 sp=0x000000b4b1bf9d60
Event: 60.663 Thread 0x000001f89f0d5980 DEOPT UNPACKING pc=0x000001f8878c23a3 sp=0x000000b4b1bf9bf8 mode 2
Event: 60.663 Thread 0x000001f89f0d5980 Uncommon trap: trap_request=0xffffff45 fr.pc=0x000001f88f87ab14 relative=0x00000000000000f4
Event: 60.663 Thread 0x000001f89f0d5980 Uncommon trap: reason=unstable_if action=reinterpret pc=0x000001f88f87ab14 method=java.time.LocalDate.create(III)Ljava/time/LocalDate; @ 7 c2
Event: 60.663 Thread 0x000001f89f0d5980 DEOPT PACKING pc=0x000001f88f87ab14 sp=0x000000b4b1bf9ae0
Event: 60.663 Thread 0x000001f89f0d5980 DEOPT UNPACKING pc=0x000001f8878c23a3 sp=0x000000b4b1bf9a60 mode 2
Event: 61.404 Thread 0x000001f89c769230 Uncommon trap: trap_request=0xffffff45 fr.pc=0x000001f88f89eee0 relative=0x0000000000001780
Event: 61.404 Thread 0x000001f89c769230 Uncommon trap: reason=unstable_if action=reinterpret pc=0x000001f88f89eee0 method=jdk.nio.zipfs.ZipFileSystem.getInputStream(Ljdk/nio/zipfs/ZipFileSystem$Entry;)Ljava/io/InputStream; @ 118 c2
Event: 61.404 Thread 0x000001f89c769230 DEOPT PACKING pc=0x000001f88f89eee0 sp=0x000000b4b27fe7b0
Event: 61.404 Thread 0x000001f89c769230 DEOPT UNPACKING pc=0x000001f8878c23a3 sp=0x000000b4b27fe7a8 mode 2

Classes loaded (20 events):
Event: 52.887 Loading class java/util/concurrent/CompletableFuture$AltResult
Event: 52.887 Loading class java/util/concurrent/CompletableFuture$AltResult done
Event: 52.887 Loading class java/util/concurrent/CompletableFuture$Completion
Event: 52.908 Loading class java/util/concurrent/CompletableFuture$AsynchronousCompletionTask
Event: 52.916 Loading class java/util/concurrent/CompletableFuture$AsynchronousCompletionTask done
Event: 52.916 Loading class java/util/concurrent/CompletableFuture$Completion done
Event: 52.917 Loading class java/util/concurrent/CompletableFuture$AsyncSupply
Event: 52.917 Loading class java/util/concurrent/CompletableFuture$AsyncSupply done
Event: 52.924 Loading class java/util/concurrent/CompletableFuture$BiRelay
Event: 52.937 Loading class java/util/concurrent/CompletableFuture$BiCompletion
Event: 52.937 Loading class java/util/concurrent/CompletableFuture$UniCompletion
Event: 52.937 Loading class java/util/concurrent/CompletableFuture$UniCompletion done
Event: 52.937 Loading class java/util/concurrent/CompletableFuture$BiCompletion done
Event: 52.937 Loading class java/util/concurrent/CompletableFuture$BiRelay done
Event: 52.937 Loading class java/util/concurrent/CompletableFuture$CoCompletion
Event: 52.937 Loading class java/util/concurrent/CompletableFuture$CoCompletion done
Event: 52.938 Loading class java/util/concurrent/CompletableFuture$UniApply
Event: 52.938 Loading class java/util/concurrent/CompletableFuture$UniApply done
Event: 52.939 Loading class java/util/concurrent/CompletableFuture$UniWhenComplete
Event: 52.939 Loading class java/util/concurrent/CompletableFuture$UniWhenComplete done

Classes unloaded (17 events):
Event: 40.663 Thread 0x000001f8ff330bb0 Unloading class 0x000000080159c3d8 '_BuildScript_$_run_closure7$_closure13'
Event: 40.663 Thread 0x000001f8ff330bb0 Unloading class 0x000000080159c000 '_BuildScript_$_run_closure7$_closure12$_closure14$_closure16'
Event: 40.663 Thread 0x000001f8ff330bb0 Unloading class 0x000000080159bae8 '_BuildScript_$_run_closure7$_closure12$_closure14$_closure15'
Event: 40.663 Thread 0x000001f8ff330bb0 Unloading class 0x000000080159b710 '_BuildScript_$_run_closure7$_closure12$_closure14'
Event: 40.663 Thread 0x000001f8ff330bb0 Unloading class 0x000000080159b338 '_BuildScript_$_run_closure7$_closure12'
Event: 40.663 Thread 0x000001f8ff330bb0 Unloading class 0x000000080159af60 '_BuildScript_$_run_closure7'
Event: 40.663 Thread 0x000001f8ff330bb0 Unloading class 0x000000080159ab88 '_BuildScript_$_run_closure6$_closure10$_closure11'
Event: 40.663 Thread 0x000001f8ff330bb0 Unloading class 0x000000080159a7b0 '_BuildScript_$_run_closure6$_closure10'
Event: 40.663 Thread 0x000001f8ff330bb0 Unloading class 0x000000080159a3d8 '_BuildScript_$_run_closure6'
Event: 40.663 Thread 0x000001f8ff330bb0 Unloading class 0x000000080159a000 '_BuildScript_$_run_closure5'
Event: 40.663 Thread 0x000001f8ff330bb0 Unloading class 0x0000000801599b88 '_BuildScript_$_run_closure4'
Event: 40.663 Thread 0x000001f8ff330bb0 Unloading class 0x00000008015997b0 '_BuildScript_$_run_closure3$_closure9'
Event: 40.663 Thread 0x000001f8ff330bb0 Unloading class 0x00000008015993d8 '_BuildScript_$_run_closure3'
Event: 40.663 Thread 0x000001f8ff330bb0 Unloading class 0x0000000801599000 '_BuildScript_$_run_closure2'
Event: 40.663 Thread 0x000001f8ff330bb0 Unloading class 0x0000000801598900 '_BuildScript_$_run_closure1$_closure8'
Event: 40.663 Thread 0x000001f8ff330bb0 Unloading class 0x0000000801598528 '_BuildScript_$_run_closure1'
Event: 40.663 Thread 0x000001f8ff330bb0 Unloading class 0x0000000801598000 '_BuildScript_'

Classes redefined (0 events):
No events

Internal exceptions (20 events):
Event: 45.493 Thread 0x000001f89f0d84d0 Exception <a 'java/lang/NoSuchMethodError'{0x00000000c5376c20}: 'int java.lang.invoke.DirectMethodHandle$Holder.invokeStaticInit(java.lang.Object, java.lang.Object, java.lang.Object, java.lang.Object, java.lang.Object)'> (0x00000000c5376c20) 
thrown [s\open\src\hotspot\share\interpreter\linkResolver.cpp, line 766]
Event: 45.551 Thread 0x000001f89c1baf40 Exception <a 'java/lang/NoSuchMethodError'{0x00000000c52ab878}: static Lorg/gradle/internal/build/event/types/DefaultTaskFinishedProgressEvent;.<clinit>()V> (0x00000000c52ab878) 
thrown [s\open\src\hotspot\share\prims\jni.cpp, line 1104]
Event: 45.552 Thread 0x000001f89c1baf40 Exception <a 'java/lang/NoSuchMethodError'{0x00000000c52c50e8}: static Lorg/gradle/internal/build/event/types/DefaultTaskSuccessResult;.<clinit>()V> (0x00000000c52c50e8) 
thrown [s\open\src\hotspot\share\prims\jni.cpp, line 1104]
Event: 45.553 Thread 0x000001f89c1baf40 Exception <a 'java/lang/NoSuchMethodError'{0x00000000c52c67e0}: static Lorg/gradle/internal/build/event/types/AbstractTaskResult;.<clinit>()V> (0x00000000c52c67e0) 
thrown [s\open\src\hotspot\share\prims\jni.cpp, line 1104]
Event: 52.235 Thread 0x000001f89c1baf40 Exception <a 'java/lang/NoSuchMethodError'{0x00000000c94f5f50}: static [Ljava/lang/Object;.<clinit>()V> (0x00000000c94f5f50) 
thrown [s\open\src\hotspot\share\prims\jni.cpp, line 1104]
Event: 52.314 Thread 0x000001f89f0d84d0 Exception <a 'java/lang/NoSuchMethodError'{0x00000000c5b188c0}: 'java.lang.Object java.lang.invoke.DirectMethodHandle$Holder.invokeStatic(java.lang.Object, java.lang.Object, java.lang.Object, java.lang.Object, int, java.lang.Object, java.lang.Object)'> (0x00000000c5b188c0) 
thrown [s\open\src\hotspot\share\interpreter\linkResolver.cpp, line 766]
Event: 52.315 Thread 0x000001f89f0d84d0 Exception <a 'java/lang/NoSuchMethodError'{0x00000000c5b21dd8}: 'java.lang.Object java.lang.invoke.DirectMethodHandle$Holder.newInvokeSpecial(java.lang.Object, java.lang.Object, java.lang.Object, java.lang.Object, int, java.lang.Object, java.lang.Object)'> (0x00000000c5b21dd8) 
thrown [s\open\src\hotspot\share\interpreter\linkResolver.cpp, line 766]
Event: 52.315 Thread 0x000001f89f0d84d0 Exception <a 'java/lang/NoSuchMethodError'{0x00000000c5b2b990}: 'java.lang.Object java.lang.invoke.Invokers$Holder.linkToTargetMethod(java.lang.Object, java.lang.Object, java.lang.Object, int, java.lang.Object, java.lang.Object, java.lang.Object)'> (0x00000000c5b2b990) 
thrown [s\open\src\hotspot\share\interpreter\linkResolver.cpp, line 766]
Event: 52.327 Thread 0x000001f89f0d84d0 Exception <a 'java/lang/NoSuchMethodError'{0x00000000c5b3dcd8}: 'java.lang.Object java.lang.invoke.DirectMethodHandle$Holder.invokeStaticInit(java.lang.Object, java.lang.Object, java.lang.Object, java.lang.Object, java.lang.Object, java.lang.Object, java.lang.Object)'> (0x00000000c5b3dcd8) 
thrown [s\open\src\hotspot\share\interpreter\linkResolver.cpp, line 766]
Event: 52.328 Thread 0x000001f89f0d84d0 Exception <a 'java/lang/NoSuchMethodError'{0x00000000c5b44470}: 'java.lang.Object java.lang.invoke.Invokers$Holder.invoke_MT(java.lang.Object, java.lang.Object, java.lang.Object, java.lang.Object, java.lang.Object, java.lang.Object, java.lang.Object, java.lang.Object, java.lang.Object, java.lang.Object, java.lang.Object)'> (0x00000000c5b44470) 
thrown [s\open\src\hotspot\share\interpreter\linkResolver.cpp, line 766]
Event: 52.343 Thread 0x000001f89f0d84d0 Exception <a 'java/lang/NoSuchMethodError'{0x00000000c5b66c30}: 'int java.lang.invoke.DirectMethodHandle$Holder.invokeStaticInit(java.lang.Object, int, int)'> (0x00000000c5b66c30) 
thrown [s\open\src\hotspot\share\interpreter\linkResolver.cpp, line 766]
Event: 52.343 Thread 0x000001f89f0d84d0 Exception <a 'java/lang/NoSuchMethodError'{0x00000000c5b6f1d0}: 'int java.lang.invoke.DirectMethodHandle$Holder.invokeStaticInit(java.lang.Object, long, long)'> (0x00000000c5b6f1d0) 
thrown [s\open\src\hotspot\share\interpreter\linkResolver.cpp, line 766]
Event: 52.344 Thread 0x000001f89f0d84d0 Exception <a 'java/lang/NoSuchMethodError'{0x00000000c5b76b98}: 'int java.lang.invoke.DirectMethodHandle$Holder.invokeStaticInit(java.lang.Object, float, float)'> (0x00000000c5b76b98) 
thrown [s\open\src\hotspot\share\interpreter\linkResolver.cpp, line 766]
Event: 52.345 Thread 0x000001f89f0d84d0 Exception <a 'java/lang/NoSuchMethodError'{0x00000000c5b7e780}: 'int java.lang.invoke.DirectMethodHandle$Holder.invokeStaticInit(java.lang.Object, double, double)'> (0x00000000c5b7e780) 
thrown [s\open\src\hotspot\share\interpreter\linkResolver.cpp, line 766]
Event: 52.345 Thread 0x000001f89f0d84d0 Exception <a 'java/lang/NoSuchMethodError'{0x00000000c5b83698}: 'int java.lang.invoke.DirectMethodHandle$Holder.invokeStatic(java.lang.Object, long)'> (0x00000000c5b83698) 
thrown [s\open\src\hotspot\share\interpreter\linkResolver.cpp, line 766]
Event: 52.346 Thread 0x000001f89f0d84d0 Exception <a 'java/lang/NoSuchMethodError'{0x00000000c5b994a8}: 'int java.lang.invoke.DirectMethodHandle$Holder.invokeSpecial(java.lang.Object, java.lang.Object, int, int)'> (0x00000000c5b994a8) 
thrown [s\open\src\hotspot\share\interpreter\linkResolver.cpp, line 766]
Event: 52.347 Thread 0x000001f89f0d84d0 Exception <a 'java/lang/NoSuchMethodError'{0x00000000c5ba9290}: 'int java.lang.invoke.DirectMethodHandle$Holder.invokeSpecial(java.lang.Object, java.lang.Object, int)'> (0x00000000c5ba9290) 
thrown [s\open\src\hotspot\share\interpreter\linkResolver.cpp, line 766]
Event: 52.347 Thread 0x000001f89f0d84d0 Exception <a 'java/lang/NoSuchMethodError'{0x00000000c5bb1300}: 'int java.lang.invoke.Invokers$Holder.linkToTargetMethod(java.lang.Object, java.lang.Object)'> (0x00000000c5bb1300) 
thrown [s\open\src\hotspot\share\interpreter\linkResolver.cpp, line 766]
Event: 52.822 Thread 0x000001f89f0d84d0 Exception <a 'java/lang/NoSuchMethodError'{0x00000000c9de8018}: 'void java.lang.invoke.DirectMethodHandle$Holder.invokeStatic(java.lang.Object, java.lang.Object, java.lang.Object, java.lang.Object, int, java.lang.Object)'> (0x00000000c9de8018) 
thrown [s\open\src\hotspot\share\interpreter\linkResolver.cpp, line 766]
Event: 52.980 Thread 0x000001f89c1baf40 Exception <a 'java/lang/NoSuchMethodError'{0x00000000c9bcbdd0}: static Lorg/gradle/internal/build/event/types/DefaultScriptPluginIdentifier;.<clinit>()V> (0x00000000c9bcbdd0) 
thrown [s\open\src\hotspot\share\prims\jni.cpp, line 1104]

VM Operations (20 events):
Event: 56.615 Executing VM operation: G1Concurrent done
Event: 57.114 Executing VM operation: G1CollectForAllocation
Event: 57.118 Executing VM operation: G1CollectForAllocation done
Event: 57.388 Executing VM operation: G1CollectForAllocation
Event: 57.393 Executing VM operation: G1CollectForAllocation done
Event: 58.394 Executing VM operation: Cleanup
Event: 58.394 Executing VM operation: Cleanup done
Event: 59.098 Executing VM operation: G1CollectForAllocation
Event: 59.104 Executing VM operation: G1CollectForAllocation done
Event: 60.105 Executing VM operation: Cleanup
Event: 60.105 Executing VM operation: Cleanup done
Event: 60.339 Executing VM operation: G1CollectForAllocation
Event: 60.348 Executing VM operation: G1CollectForAllocation done
Event: 61.348 Executing VM operation: Cleanup
Event: 61.348 Executing VM operation: Cleanup done
Event: 61.622 Executing VM operation: G1CollectForAllocation
Event: 61.622 Executing VM operation: G1CollectForAllocation done
Event: 61.622 Executing VM operation: G1CollectForAllocation
Event: 61.628 Executing VM operation: G1CollectForAllocation done
Event: 61.802 Executing VM operation: G1Concurrent

Events (20 events):
Event: 43.610 Thread 0x000001f8ff383010 flushing nmethod 0x000001f888ec9690
Event: 43.611 Thread 0x000001f8ff383010 flushing nmethod 0x000001f888f17290
Event: 43.611 Thread 0x000001f8ff383010 flushing nmethod 0x000001f888f4a390
Event: 43.867 Thread 0x000001f89d6b3680 Thread exited: 0x000001f89d6b3680
Event: 44.808 Thread 0x000001f89f0d5e50 Thread added: 0x000001f89f0d5e50
Event: 44.808 Thread 0x000001f89f0d9810 Thread added: 0x000001f89f0d9810
Event: 44.808 Thread 0x000001f89f0d89a0 Thread added: 0x000001f89f0d89a0
Event: 44.808 Thread 0x000001f89f0d6320 Thread added: 0x000001f89f0d6320
Event: 44.809 Thread 0x000001f89f0d4170 Thread added: 0x000001f89f0d4170
Event: 44.809 Thread 0x000001f89f0d8e70 Thread added: 0x000001f89f0d8e70
Event: 44.809 Thread 0x000001f89f0d4b10 Thread added: 0x000001f89f0d4b10
Event: 44.854 Thread 0x000001f89d6b3680 Thread added: 0x000001f89d6b3680
Event: 46.119 Thread 0x000001f89d6b3680 Thread exited: 0x000001f89d6b3680
Event: 52.549 Thread 0x000001f89d6b54e0 Thread added: 0x000001f89d6b54e0
Event: 52.888 Thread 0x000001f89d6b54e0 Thread exited: 0x000001f89d6b54e0
Event: 52.917 Thread 0x000001f89f0d2e30 Thread added: 0x000001f89f0d2e30
Event: 52.917 Thread 0x000001f89f0d3300 Thread added: 0x000001f89f0d3300
Event: 52.918 Thread 0x000001f89c769230 Thread added: 0x000001f89c769230
Event: 52.918 Thread 0x000001f89e8f40e0 Thread added: 0x000001f89e8f40e0
Event: 52.978 Thread 0x000001f89e8f3c10 Thread added: 0x000001f89e8f3c10


Dynamic libraries:
0x00007ff7070e0000 - 0x00007ff7070f0000 	C:\Program Files\Java\jdk-18.0.1.1\bin\java.exe
0x00007ffae7150000 - 0x00007ffae7348000 	C:\WINDOWS\SYSTEM32\ntdll.dll
0x00007ffae62b0000 - 0x00007ffae636d000 	C:\WINDOWS\System32\KERNEL32.DLL
0x00007ffae4f30000 - 0x00007ffae51fe000 	C:\WINDOWS\System32\KERNELBASE.dll
0x00007ffae4960000 - 0x00007ffae4a60000 	C:\WINDOWS\System32\ucrtbase.dll
0x00007ffad6a80000 - 0x00007ffad6a98000 	C:\Program Files\Java\jdk-18.0.1.1\bin\jli.dll
0x00007ffae6370000 - 0x00007ffae641e000 	C:\WINDOWS\System32\ADVAPI32.dll
0x00007ffae5630000 - 0x00007ffae56ce000 	C:\WINDOWS\System32\msvcrt.dll
0x00007ffae59a0000 - 0x00007ffae5a3c000 	C:\WINDOWS\System32\sechost.dll
0x00007ffae5a40000 - 0x00007ffae5b65000 	C:\WINDOWS\System32\RPCRT4.dll
0x00007ffae5fe0000 - 0x00007ffae6180000 	C:\WINDOWS\System32\USER32.dll
0x00007ffae4a60000 - 0x00007ffae4a82000 	C:\WINDOWS\System32\win32u.dll
0x00007ffae5600000 - 0x00007ffae562a000 	C:\WINDOWS\System32\GDI32.dll
0x00007ffae4e20000 - 0x00007ffae4f2b000 	C:\WINDOWS\System32\gdi32full.dll
0x00007ffae5200000 - 0x00007ffae529d000 	C:\WINDOWS\System32\msvcp_win.dll
0x00007ffad0990000 - 0x00007ffad0c2a000 	C:\WINDOWS\WinSxS\amd64_microsoft.windows.common-controls_6595b64144ccf1df_6.0.19041.1110_none_60b5254171f9507e\COMCTL32.dll
0x00007ffaddea0000 - 0x00007ffaddeaa000 	C:\WINDOWS\SYSTEM32\VERSION.dll
0x00007ffad6aa0000 - 0x00007ffad6aba000 	C:\Program Files\Java\jdk-18.0.1.1\bin\VCRUNTIME140.dll
0x00007ffae57f0000 - 0x00007ffae5820000 	C:\WINDOWS\System32\IMM32.DLL
0x00007ffae1e50000 - 0x00007ffae1e5c000 	C:\Program Files\Java\jdk-18.0.1.1\bin\vcruntime140_1.dll
0x00007ffac7820000 - 0x00007ffac78ad000 	C:\Program Files\Java\jdk-18.0.1.1\bin\msvcp140.dll
0x00007ffaa0080000 - 0x00007ffaa0c90000 	C:\Program Files\Java\jdk-18.0.1.1\bin\server\jvm.dll
0x00007ffae5730000 - 0x00007ffae5738000 	C:\WINDOWS\System32\PSAPI.DLL
0x00007fface570000 - 0x00007fface579000 	C:\WINDOWS\SYSTEM32\WSOCK32.dll
0x00007ffae15c0000 - 0x00007ffae15e7000 	C:\WINDOWS\SYSTEM32\WINMM.dll
0x00007ffae5920000 - 0x00007ffae598b000 	C:\WINDOWS\System32\ws2_32.DLL
0x00007ffae3340000 - 0x00007ffae3352000 	C:\WINDOWS\SYSTEM32\kernel.appcore.dll
0x00007ffae1250000 - 0x00007ffae125a000 	C:\Program Files\Java\jdk-18.0.1.1\bin\jimage.dll
0x00007ffad4040000 - 0x00007ffad4224000 	C:\WINDOWS\SYSTEM32\DBGHELP.DLL
0x00007ffad2690000 - 0x00007ffad26bc000 	C:\WINDOWS\SYSTEM32\dbgcore.DLL
0x00007ffae4d40000 - 0x00007ffae4dc2000 	C:\WINDOWS\System32\bcryptPrimitives.dll
0x00007ffad6a50000 - 0x00007ffad6a75000 	C:\Program Files\Java\jdk-18.0.1.1\bin\java.dll
0x00007ffabcab0000 - 0x00007ffabcb86000 	C:\Program Files\Java\jdk-18.0.1.1\bin\jsvml.dll
0x00007ffae6810000 - 0x00007ffae6f54000 	C:\WINDOWS\System32\SHELL32.dll
0x00007ffae29a0000 - 0x00007ffae3134000 	C:\WINDOWS\SYSTEM32\windows.storage.dll
0x00007ffae52a0000 - 0x00007ffae55f4000 	C:\WINDOWS\System32\combase.dll
0x00007ffae42f0000 - 0x00007ffae4320000 	C:\WINDOWS\SYSTEM32\Wldp.dll
0x00007ffae5740000 - 0x00007ffae57ed000 	C:\WINDOWS\System32\SHCORE.dll
0x00007ffae6700000 - 0x00007ffae6755000 	C:\WINDOWS\System32\shlwapi.dll
0x00007ffae48a0000 - 0x00007ffae48bf000 	C:\WINDOWS\SYSTEM32\profapi.dll
0x00007ffad6a30000 - 0x00007ffad6a43000 	C:\Program Files\Java\jdk-18.0.1.1\bin\net.dll
0x00007ffad9c40000 - 0x00007ffad9d4a000 	C:\WINDOWS\SYSTEM32\WINHTTP.dll
0x00007ffae4050000 - 0x00007ffae40ba000 	C:\WINDOWS\system32\mswsock.dll
0x00007ffad6a10000 - 0x00007ffad6a26000 	C:\Program Files\Java\jdk-18.0.1.1\bin\nio.dll
0x00007ffad69c0000 - 0x00007ffad69d8000 	C:\Program Files\Java\jdk-18.0.1.1\bin\zip.dll
0x00007ffada8d0000 - 0x00007ffada8e0000 	C:\Program Files\Java\jdk-18.0.1.1\bin\verify.dll
0x00007ffac9fb0000 - 0x00007ffac9fd7000 	C:\Users\Ethan\.gradle\native\e1d6ef7f7dcc3fd88c89a11ec53ec762bb8ba0a96d01ffa2cd45eb1d1d8dd5c5\windows-amd64\native-platform.dll
0x00007ffab9f20000 - 0x00007ffaba064000 	C:\Users\Ethan\.gradle\native\0d407fdbe67a94daf76414ababcb853783967236a71b16ec16e742cd7a986fd3\windows-amd64\native-platform-file-events.dll
0x00007ffad72d0000 - 0x00007ffad72d9000 	C:\Program Files\Java\jdk-18.0.1.1\bin\management.dll
0x00007ffad6fb0000 - 0x00007ffad6fbb000 	C:\Program Files\Java\jdk-18.0.1.1\bin\management_ext.dll
0x00007ffae4250000 - 0x00007ffae4268000 	C:\WINDOWS\SYSTEM32\CRYPTSP.dll
0x00007ffae39d0000 - 0x00007ffae3a04000 	C:\WINDOWS\system32\rsaenh.dll
0x00007ffae4bf0000 - 0x00007ffae4c17000 	C:\WINDOWS\System32\bcrypt.dll
0x00007ffae4860000 - 0x00007ffae488e000 	C:\WINDOWS\SYSTEM32\USERENV.dll
0x00007ffae4240000 - 0x00007ffae424c000 	C:\WINDOWS\SYSTEM32\CRYPTBASE.dll
0x00007ffae3d40000 - 0x00007ffae3d7b000 	C:\WINDOWS\SYSTEM32\IPHLPAPI.DLL
0x00007ffae7080000 - 0x00007ffae7088000 	C:\WINDOWS\System32\NSI.dll
0x00007ffade970000 - 0x00007ffade987000 	C:\WINDOWS\SYSTEM32\dhcpcsvc6.DLL
0x00007ffadeb10000 - 0x00007ffadeb2d000 	C:\WINDOWS\SYSTEM32\dhcpcsvc.DLL
0x00007ffae3dd0000 - 0x00007ffae3e9b000 	C:\WINDOWS\SYSTEM32\DNSAPI.dll
0x00007ffae1890000 - 0x00007ffae189e000 	C:\Program Files\Java\jdk-18.0.1.1\bin\sunmscapi.dll
0x00007ffae4a90000 - 0x00007ffae4be6000 	C:\WINDOWS\System32\CRYPT32.dll
0x00007ffae43c0000 - 0x00007ffae43e7000 	C:\WINDOWS\SYSTEM32\ncrypt.dll
0x00007ffae4320000 - 0x00007ffae435b000 	C:\WINDOWS\SYSTEM32\NTASN1.dll
0x00007ffad6b40000 - 0x00007ffad6b4a000 	C:\Windows\System32\rasadhlp.dll
0x00007ffad9930000 - 0x00007ffad99b0000 	C:\WINDOWS\System32\fwpuclnt.dll
0x00007ffae3660000 - 0x00007ffae3693000 	C:\WINDOWS\SYSTEM32\ntmarta.dll

dbghelp: loaded successfully - version: 4.0.5 - missing functions: none
symbol engine: initialized successfully - sym options: 0x614 - pdb path: .;C:\Program Files\Java\jdk-18.0.1.1\bin;C:\WINDOWS\SYSTEM32;C:\WINDOWS\WinSxS\amd64_microsoft.windows.common-controls_6595b64144ccf1df_6.0.19041.1110_none_60b5254171f9507e;C:\Program Files\Java\jdk-18.0.1.1\bin\server;C:\Users\Ethan\.gradle\native\e1d6ef7f7dcc3fd88c89a11ec53ec762bb8ba0a96d01ffa2cd45eb1d1d8dd5c5\windows-amd64;C:\Users\Ethan\.gradle\native\0d407fdbe67a94daf76414ababcb853783967236a71b16ec16e742cd7a986fd3\windows-amd64

VM Arguments:
jvm_args: --add-opens=java.base/java.util=ALL-UNNAMED --add-opens=java.base/java.lang=ALL-UNNAMED --add-opens=java.base/java.lang.invoke=ALL-UNNAMED --add-opens=java.base/java.util=ALL-UNNAMED --add-opens=java.prefs/java.util.prefs=ALL-UNNAMED --add-opens=java.prefs/java.util.prefs=ALL-UNNAMED --add-opens=java.base/java.nio.charset=ALL-UNNAMED --add-opens=java.base/java.net=ALL-UNNAMED --add-opens=java.base/java.util.concurrent.atomic=ALL-UNNAMED -Xmx1G -Dfile.encoding=windows-1252 -Duser.country=GB -Duser.language=en -Duser.variant 
java_command: org.gradle.launcher.daemon.bootstrap.GradleDaemon 7.5
java_class_path (initial): C:\Users\Ethan\.gradle\wrapper\dists\gradle-7.5-bin\f1w0cc9nuo0eivz97x2xlu9sv\gradle-7.5\lib\gradle-launcher-7.5.jar
Launcher Type: SUN_STANDARD

[Global flags]
     intx CICompilerCount                          = 3                                         {product} {ergonomic}
     uint ConcGCThreads                            = 1                                         {product} {ergonomic}
     uint G1ConcRefinementThreads                  = 4                                         {product} {ergonomic}
   size_t G1HeapRegionSize                         = 1048576                                   {product} {ergonomic}
    uintx GCDrainStackTargetSize                   = 64                                        {product} {ergonomic}
   size_t InitialHeapSize                          = 268435456                                 {product} {ergonomic}
   size_t MarkStackSize                            = 4194304                                   {product} {ergonomic}
   size_t MaxHeapSize                              = 1073741824                                {product} {command line}
   size_t MaxNewSize                               = 643825664                                 {product} {ergonomic}
   size_t MinHeapDeltaBytes                        = 1048576                                   {product} {ergonomic}
   size_t MinHeapSize                              = 8388608                                   {product} {ergonomic}
    uintx NonNMethodCodeHeapSize                   = 5832780                                {pd product} {ergonomic}
    uintx NonProfiledCodeHeapSize                  = 122912730                              {pd product} {ergonomic}
    uintx ProfiledCodeHeapSize                     = 122912730                              {pd product} {ergonomic}
    uintx ReservedCodeCacheSize                    = 251658240                              {pd product} {ergonomic}
     bool SegmentedCodeCache                       = true                                      {product} {ergonomic}
   size_t SoftMaxHeapSize                          = 1073741824                             {manageable} {ergonomic}
     bool UseCompressedClassPointers               = true                           {product lp64_product} {ergonomic}
     bool UseCompressedOops                        = true                           {product lp64_product} {ergonomic}
     bool UseG1GC                                  = true                                      {product} {ergonomic}
     bool UseLargePagesIndividualAllocation        = false                                  {pd product} {ergonomic}

Logging:
Log output configuration:
 #0: stdout all=warning uptime,level,tags foldmultilines=false
 #1: stderr all=off uptime,level,tags foldmultilines=false

Environment Variables:
PATH=C:\Program Files\Common Files\Oracle\Java\javapath;C:\Program Files (x86)\Razer\ChromaBroadcast\bin;C:\Program Files\Razer\ChromaBroadcast\bin;C:\Program Files (x86)\Common Files\Oracle\Java\javapath;C:\Program Files\Haskell\bin;C:\Program Files\Haskell Platform\8.4.3\lib\extralibs\bin;C:\Program Files\Haskell Platform\8.4.3\bin;C:\Program Files (x86)\Razer Chroma SDK\bin;C:\Program Files\Razer Chroma SDK\bin;C:\Program Files (x86)\Intel\iCLS Client\;C:\Program Files\Intel\iCLS Client\;C:\windows\system32;C:\windows;C:\windows\System32\Wbem;C:\windows\System32\WindowsPowerShell\v1.0\;C:\Program Files\Intel\Intel(R) Management Engine Components\DAL;C:\Program Files (x86)\Intel\Intel(R) Management Engine Components\DAL;C:\Program Files\Intel\Intel(R) Management Engine Components\IPT;C:\Program Files (x86)\Intel\Intel(R) Management Engine Components\IPT;C:\Program Files (x86)\Common Files\Adobe\AGL;C:\Program Files (x86)\ATI Technologies\ATI.ACE\Core-Static;C:\Users\Ethan\.dnx\bin;C:\Program Files\Microsoft DNX\Dnvm\;C:\Program Files\Microsoft SQL Server\130\Tools\Binn\;C:\Program Files (x86)\QuickTime\QTSystem\;C:\Program Files (x86)\GtkSharp\2.12\bin;C:\Ruby24\bin;C:\Program Files (x86)\Ruby24\bin;C:\Program Files (x86)\Microsoft VS Code\bin;C:\Program Files\Java\jdk1.8.0_144\bin;C:\Python34;C:\Users\Ethan\AppData\Local\atom;C:\Program Files\Haskell Platform\8.4.3\mingw\bin;C:\Program Files\WorldPainter;C:\ProgramData\chocolatey\bin;C:\Program Files\Git\cmd;C:\WINDOWS\system32;C:\WINDOWS;C:\WINDOWS\System32\Wbem;C:\WINDOWS\System32\WindowsPowerShell\v1.0\;C:\WINDOWS\System32\OpenSSH\;C:\Program Files (x86)\NVIDIA Corporation\PhysX\Common;C:\Users\Ethan\AppData\Roaming\cabal\bin;C:\Users\Ethan\AppData\Roaming\local\bin;C:\Ruby24\bin;C:\Program Files (x86)\Ruby24\bin;C:\Program Files (x86)\Microsoft VS Code\bin;C:\Program Files\Java\jdk1.8.0_144\bin;C:\Python34;C:\Users\Ethan\AppData\Local\atom;C:\Program Files\JetBrains\IntelliJ IDEA Community Edition 2020.1.1\bin;C:\Users\Ethan\AppData\Local\GitHubDesktop\bin;C:\Users\Ethan\AppData\Local\Programs\Microsoft VS Code\bin;C:\Users\Ethan\AppData\Local\atom\bin;C:\tools\msys64;C:\tools\ghc-9.2.1\bin;;C:\Users\Ethan\AppData\Local\Microsoft\WindowsApps
USERNAME=Lyra
OS=Windows_NT
PROCESSOR_IDENTIFIER=Intel64 Family 6 Model 60 Stepping 3, GenuineIntel



---------------  S Y S T E M  ---------------

OS:
 Windows 10 , 64 bit Build 19041 (10.0.19041.1806)
OS uptime: 9 days 10:06 hours

CPU: total 4 (initial active 4) (4 cores per cpu, 1 threads per core) family 6 model 60 stepping 3 microcode 0x27, cx8, cmov, fxsr, mmx, sse, sse2, sse3, ssse3, sse4.1, sse4.2, popcnt, lzcnt, tsc, tscinvbit, avx, avx2, aes, erms, clmul, bmi1, bmi2, fma, vzeroupper, clflush

Memory: 4k page, system-wide physical 16319M (2838M free)
TotalPageFile size 24511M (AvailPageFile size 25M)
current process WorkingSet (physical memory assigned to process): 367M, peak: 367M
current process commit charge ("private bytes"): 412M, peak: 443M

vm_info: Java HotSpot(TM) 64-Bit Server VM (18.0.1.1+2-6) for windows-amd64 JRE (18.0.1.1+2-6), built on Apr 25 2022 21:53:15 by "mach5one" with MS VC++ 16.8 / 16.9 (VS2019)

END.
